DEBUG:root:{'type': 'author', 'id': '18828c13-4595-4093-86d7-8260d035a215', 'username': 'qqqq', 'profile_image': '', 'email': '123@gmail.com', 'first_name': 'qq', 'last_name': 'z', 'github': '', 'host': '127.0.0.1:8000', 'api_url': 'http://127.0.0.1:8000/api/author/18828c13-4595-4093-86d7-8260d035a215/'}
ERROR:django.request:Internal Server Error: /sentrequest/05465e54-c1d5-422d-85b0-f9aa053a32f5
Traceback (most recent call last):
  File "/Users/qianqiu/Documents/CMPUT404/project/venv/lib/python3.8/site-packages/django/core/handlers/exception.py", line 47, in inner
    response = get_response(request)
  File "/Users/qianqiu/Documents/CMPUT404/project/venv/lib/python3.8/site-packages/django/core/handlers/base.py", line 181, in _get_response
    response = wrapped_callback(request, *callback_args, **callback_kwargs)
  File "/Users/qianqiu/Documents/CMPUT404/project/venv/lib/python3.8/site-packages/django/views/generic/base.py", line 70, in view
    return self.dispatch(request, *args, **kwargs)
  File "/Users/qianqiu/Documents/CMPUT404/project/venv/lib/python3.8/site-packages/django/views/generic/base.py", line 98, in dispatch
    return handler(request, *args, **kwargs)
  File "/Users/qianqiu/Documents/CMPUT404/project/404_group_project_21F/friends/views.py", line 244, in get
    context['request_user'] = request_user.username
AttributeError: 'ReturnDict' object has no attribute 'username'
INFO:django.utils.autoreload:/Users/qianqiu/Documents/CMPUT404/project/404_group_project_21F/friends/views.py changed, reloading.
DEBUG:asyncio:Using selector: KqueueSelector
DEBUG:root:{'type': 'author', 'id': '18828c13-4595-4093-86d7-8260d035a215', 'username': 'qqqq', 'profile_image': '', 'email': '123@gmail.com', 'first_name': 'qq', 'last_name': 'z', 'github': '', 'host': '127.0.0.1:8000', 'api_url': 'http://127.0.0.1:8000/api/author/18828c13-4595-4093-86d7-8260d035a215/'}
ERROR:django.request:Internal Server Error: /sentrequest/05465e54-c1d5-422d-85b0-f9aa053a32f5
Traceback (most recent call last):
  File "/Users/qianqiu/Documents/CMPUT404/project/venv/lib/python3.8/site-packages/django/core/handlers/exception.py", line 47, in inner
    response = get_response(request)
  File "/Users/qianqiu/Documents/CMPUT404/project/venv/lib/python3.8/site-packages/django/core/handlers/base.py", line 181, in _get_response
    response = wrapped_callback(request, *callback_args, **callback_kwargs)
  File "/Users/qianqiu/Documents/CMPUT404/project/venv/lib/python3.8/site-packages/django/views/generic/base.py", line 70, in view
    return self.dispatch(request, *args, **kwargs)
  File "/Users/qianqiu/Documents/CMPUT404/project/venv/lib/python3.8/site-packages/django/views/generic/base.py", line 98, in dispatch
    return handler(request, *args, **kwargs)
  File "/Users/qianqiu/Documents/CMPUT404/project/404_group_project_21F/friends/views.py", line 244, in get
    context['request_user'] = request_user[username]
NameError: name 'username' is not defined
INFO:django.utils.autoreload:/Users/qianqiu/Documents/CMPUT404/project/404_group_project_21F/friends/views.py changed, reloading.
DEBUG:asyncio:Using selector: KqueueSelector
DEBUG:root:{'type': 'author', 'id': '18828c13-4595-4093-86d7-8260d035a215', 'username': 'qqqq', 'profile_image': '', 'email': '123@gmail.com', 'first_name': 'qq', 'last_name': 'z', 'github': '', 'host': '127.0.0.1:8000', 'api_url': 'http://127.0.0.1:8000/api/author/18828c13-4595-4093-86d7-8260d035a215/'}
ERROR:django.request:Internal Server Error: /sentrequest/05465e54-c1d5-422d-85b0-f9aa053a32f5
Traceback (most recent call last):
  File "/Users/qianqiu/Documents/CMPUT404/project/venv/lib/python3.8/site-packages/django/db/models/fields/__init__.py", line 2336, in to_python
    return uuid.UUID(**{input_form: value})
  File "/Users/qianqiu/anaconda3/lib/python3.8/uuid.py", line 166, in __init__
    hex = hex.replace('urn:', '').replace('uuid:', '')
AttributeError: 'dict' object has no attribute 'replace'

During handling of the above exception, another exception occurred:

Traceback (most recent call last):
  File "/Users/qianqiu/Documents/CMPUT404/project/venv/lib/python3.8/site-packages/django/core/handlers/exception.py", line 47, in inner
    response = get_response(request)
  File "/Users/qianqiu/Documents/CMPUT404/project/venv/lib/python3.8/site-packages/django/core/handlers/base.py", line 181, in _get_response
    response = wrapped_callback(request, *callback_args, **callback_kwargs)
  File "/Users/qianqiu/Documents/CMPUT404/project/venv/lib/python3.8/site-packages/django/views/generic/base.py", line 70, in view
    return self.dispatch(request, *args, **kwargs)
  File "/Users/qianqiu/Documents/CMPUT404/project/venv/lib/python3.8/site-packages/django/views/generic/base.py", line 98, in dispatch
    return handler(request, *args, **kwargs)
  File "/Users/qianqiu/Documents/CMPUT404/project/404_group_project_21F/friends/views.py", line 259, in post
    friend_request.accept_request()
  File "/Users/qianqiu/Documents/CMPUT404/project/404_group_project_21F/friends/models.py", line 74, in accept_request
    sender_friend, create_sender = Friend.objects.get_or_create(user=self.sender)
  File "/Users/qianqiu/Documents/CMPUT404/project/venv/lib/python3.8/site-packages/django/db/models/manager.py", line 85, in manager_method
    return getattr(self.get_queryset(), name)(*args, **kwargs)
  File "/Users/qianqiu/Documents/CMPUT404/project/venv/lib/python3.8/site-packages/django/db/models/query.py", line 573, in get_or_create
    return self.get(**kwargs), False
  File "/Users/qianqiu/Documents/CMPUT404/project/venv/lib/python3.8/site-packages/django/db/models/query.py", line 418, in get
    clone = self._chain() if self.query.combinator else self.filter(*args, **kwargs)
  File "/Users/qianqiu/Documents/CMPUT404/project/venv/lib/python3.8/site-packages/django/db/models/query.py", line 942, in filter
    return self._filter_or_exclude(False, *args, **kwargs)
  File "/Users/qianqiu/Documents/CMPUT404/project/venv/lib/python3.8/site-packages/django/db/models/query.py", line 962, in _filter_or_exclude
    clone._filter_or_exclude_inplace(negate, *args, **kwargs)
  File "/Users/qianqiu/Documents/CMPUT404/project/venv/lib/python3.8/site-packages/django/db/models/query.py", line 969, in _filter_or_exclude_inplace
    self._query.add_q(Q(*args, **kwargs))
  File "/Users/qianqiu/Documents/CMPUT404/project/venv/lib/python3.8/site-packages/django/db/models/sql/query.py", line 1358, in add_q
    clause, _ = self._add_q(q_object, self.used_aliases)
  File "/Users/qianqiu/Documents/CMPUT404/project/venv/lib/python3.8/site-packages/django/db/models/sql/query.py", line 1377, in _add_q
    child_clause, needed_inner = self.build_filter(
  File "/Users/qianqiu/Documents/CMPUT404/project/venv/lib/python3.8/site-packages/django/db/models/sql/query.py", line 1319, in build_filter
    condition = self.build_lookup(lookups, col, value)
  File "/Users/qianqiu/Documents/CMPUT404/project/venv/lib/python3.8/site-packages/django/db/models/sql/query.py", line 1165, in build_lookup
    lookup = lookup_class(lhs, rhs)
  File "/Users/qianqiu/Documents/CMPUT404/project/venv/lib/python3.8/site-packages/django/db/models/lookups.py", line 24, in __init__
    self.rhs = self.get_prep_lookup()
  File "/Users/qianqiu/Documents/CMPUT404/project/venv/lib/python3.8/site-packages/django/db/models/fields/related_lookups.py", line 117, in get_prep_lookup
    self.rhs = target_field.get_prep_value(self.rhs)
  File "/Users/qianqiu/Documents/CMPUT404/project/venv/lib/python3.8/site-packages/django/db/models/fields/__init__.py", line 2320, in get_prep_value
    return self.to_python(value)
  File "/Users/qianqiu/Documents/CMPUT404/project/venv/lib/python3.8/site-packages/django/db/models/fields/__init__.py", line 2338, in to_python
    raise exceptions.ValidationError(
django.core.exceptions.ValidationError: ["‚Äú{'type': 'author', 'id': '18828c13-4595-4093-86d7-8260d035a215', 'username': 'qqqq', 'profile_image': '', 'email': '123@gmail.com', 'first_name': 'qq', 'last_name': 'z', 'github': '', 'host': '127.0.0.1:8000', 'api_url': 'http://127.0.0.1:8000/api/author/18828c13-4595-4093-86d7-8260d035a215/'}‚Äù is not a valid UUID."]
DEBUG:asyncio:Using selector: KqueueSelector
ERROR:django.request:Internal Server Error: /sentrequest/05465e54-c1d5-422d-85b0-f9aa053a32f5
Traceback (most recent call last):
  File "/Users/qianqiu/Documents/CMPUT404/project/venv/lib/python3.8/site-packages/django/core/handlers/exception.py", line 47, in inner
    response = get_response(request)
  File "/Users/qianqiu/Documents/CMPUT404/project/venv/lib/python3.8/site-packages/django/core/handlers/base.py", line 181, in _get_response
    response = wrapped_callback(request, *callback_args, **callback_kwargs)
  File "/Users/qianqiu/Documents/CMPUT404/project/venv/lib/python3.8/site-packages/django/views/generic/base.py", line 70, in view
    return self.dispatch(request, *args, **kwargs)
  File "/Users/qianqiu/Documents/CMPUT404/project/venv/lib/python3.8/site-packages/django/views/generic/base.py", line 98, in dispatch
    return handler(request, *args, **kwargs)
  File "/Users/qianqiu/Documents/CMPUT404/project/404_group_project_21F/friends/views.py", line 263, in post
    friend_request.accept_request(request_friend, to_befriend_friend)
  File "/Users/qianqiu/Documents/CMPUT404/project/404_group_project_21F/friends/models.py", line 76, in accept_request
    receiver_friend.add_friend(self.sender)
AttributeError: 'tuple' object has no attribute 'add_friend'
INFO:django.utils.autoreload:/Users/qianqiu/Documents/CMPUT404/project/404_group_project_21F/friends/views.py changed, reloading.
DEBUG:asyncio:Using selector: KqueueSelector
ERROR:django.request:Internal Server Error: /sentrequest/068ed18d-5e05-4c06-99c7-d3335cc20fab
Traceback (most recent call last):
  File "C:\Users\lxd19\OneDrive\Documents\GitHub\404_group_project_21F\venv\lib\site-packages\django\db\models\fields\__init__.py", line 2434, in to_python
    return uuid.UUID(**{input_form: value})
  File "C:\Program Files\WindowsApps\PythonSoftwareFoundation.Python.3.9_3.9.2544.0_x64__qbz5n2kfra8p0\lib\uuid.py", line 177, in __init__
    raise ValueError('badly formed hexadecimal UUID string')
ValueError: badly formed hexadecimal UUID string

During handling of the above exception, another exception occurred:

Traceback (most recent call last):
  File "C:\Users\lxd19\OneDrive\Documents\GitHub\404_group_project_21F\venv\lib\site-packages\django\core\handlers\exception.py", line 47, in inner
    response = get_response(request)
  File "C:\Users\lxd19\OneDrive\Documents\GitHub\404_group_project_21F\venv\lib\site-packages\django\core\handlers\base.py", line 181, in _get_response
    response = wrapped_callback(request, *callback_args, **callback_kwargs)
  File "C:\Users\lxd19\OneDrive\Documents\GitHub\404_group_project_21F\venv\lib\site-packages\django\views\generic\base.py", line 70, in view
    return self.dispatch(request, *args, **kwargs)
  File "C:\Users\lxd19\OneDrive\Documents\GitHub\404_group_project_21F\venv\lib\site-packages\django\views\generic\base.py", line 98, in dispatch
    return handler(request, *args, **kwargs)
  File "C:\Users\lxd19\OneDrive\Documents\GitHub\404_group_project_21F\friends\views.py", line 259, in post
    request_user_type = User.objects.get(id=request_user['id'])
  File "C:\Users\lxd19\OneDrive\Documents\GitHub\404_group_project_21F\venv\lib\site-packages\django\db\models\manager.py", line 85, in manager_method
    return getattr(self.get_queryset(), name)(*args, **kwargs)
  File "C:\Users\lxd19\OneDrive\Documents\GitHub\404_group_project_21F\venv\lib\site-packages\django\db\models\query.py", line 424, in get
    clone = self._chain() if self.query.combinator else self.filter(*args, **kwargs)
  File "C:\Users\lxd19\OneDrive\Documents\GitHub\404_group_project_21F\venv\lib\site-packages\django\db\models\query.py", line 941, in filter
    return self._filter_or_exclude(False, args, kwargs)
  File "C:\Users\lxd19\OneDrive\Documents\GitHub\404_group_project_21F\venv\lib\site-packages\django\db\models\query.py", line 961, in _filter_or_exclude
    clone._filter_or_exclude_inplace(negate, args, kwargs)
  File "C:\Users\lxd19\OneDrive\Documents\GitHub\404_group_project_21F\venv\lib\site-packages\django\db\models\query.py", line 968, in _filter_or_exclude_inplace
    self._query.add_q(Q(*args, **kwargs))
  File "C:\Users\lxd19\OneDrive\Documents\GitHub\404_group_project_21F\venv\lib\site-packages\django\db\models\sql\query.py", line 1393, in add_q
    clause, _ = self._add_q(q_object, self.used_aliases)
  File "C:\Users\lxd19\OneDrive\Documents\GitHub\404_group_project_21F\venv\lib\site-packages\django\db\models\sql\query.py", line 1412, in _add_q
    child_clause, needed_inner = self.build_filter(
  File "C:\Users\lxd19\OneDrive\Documents\GitHub\404_group_project_21F\venv\lib\site-packages\django\db\models\sql\query.py", line 1347, in build_filter
    condition = self.build_lookup(lookups, col, value)
  File "C:\Users\lxd19\OneDrive\Documents\GitHub\404_group_project_21F\venv\lib\site-packages\django\db\models\sql\query.py", line 1193, in build_lookup
    lookup = lookup_class(lhs, rhs)
  File "C:\Users\lxd19\OneDrive\Documents\GitHub\404_group_project_21F\venv\lib\site-packages\django\db\models\lookups.py", line 25, in __init__
    self.rhs = self.get_prep_lookup()
  File "C:\Users\lxd19\OneDrive\Documents\GitHub\404_group_project_21F\venv\lib\site-packages\django\db\models\lookups.py", line 77, in get_prep_lookup
    return self.lhs.output_field.get_prep_value(self.rhs)
  File "C:\Users\lxd19\OneDrive\Documents\GitHub\404_group_project_21F\venv\lib\site-packages\django\db\models\fields\__init__.py", line 2418, in get_prep_value
    return self.to_python(value)
  File "C:\Users\lxd19\OneDrive\Documents\GitHub\404_group_project_21F\venv\lib\site-packages\django\db\models\fields\__init__.py", line 2436, in to_python
    raise exceptions.ValidationError(
django.core.exceptions.ValidationError: ['ìhttp://127.0.0.1:8000/api/author/e5e39531-c1a2-4353-9b03-e28e3c76c9ba/î is not a valid UUID.']
DEBUG:asyncio:Using proactor: IocpProactor
ERROR:django.request:Internal Server Error: /sentrequest/907d60f6-4925-44fc-826f-7ffd9700898f
Traceback (most recent call last):
  File "C:\Users\lxd19\OneDrive\Documents\GitHub\404_group_project_21F\venv\lib\site-packages\django\db\models\fields\__init__.py", line 2434, in to_python
    return uuid.UUID(**{input_form: value})
  File "C:\Program Files\WindowsApps\PythonSoftwareFoundation.Python.3.9_3.9.2544.0_x64__qbz5n2kfra8p0\lib\uuid.py", line 177, in __init__
    raise ValueError('badly formed hexadecimal UUID string')
ValueError: badly formed hexadecimal UUID string

During handling of the above exception, another exception occurred:

Traceback (most recent call last):
  File "C:\Users\lxd19\OneDrive\Documents\GitHub\404_group_project_21F\venv\lib\site-packages\django\core\handlers\exception.py", line 47, in inner
    response = get_response(request)
  File "C:\Users\lxd19\OneDrive\Documents\GitHub\404_group_project_21F\venv\lib\site-packages\django\core\handlers\base.py", line 181, in _get_response
    response = wrapped_callback(request, *callback_args, **callback_kwargs)
  File "C:\Users\lxd19\OneDrive\Documents\GitHub\404_group_project_21F\venv\lib\site-packages\django\views\generic\base.py", line 70, in view
    return self.dispatch(request, *args, **kwargs)
  File "C:\Users\lxd19\OneDrive\Documents\GitHub\404_group_project_21F\venv\lib\site-packages\django\views\generic\base.py", line 98, in dispatch
    return handler(request, *args, **kwargs)
  File "C:\Users\lxd19\OneDrive\Documents\GitHub\404_group_project_21F\friends\views.py", line 259, in post
    request_user_type = User.objects.get(id=request_user['id'])
  File "C:\Users\lxd19\OneDrive\Documents\GitHub\404_group_project_21F\venv\lib\site-packages\django\db\models\manager.py", line 85, in manager_method
    return getattr(self.get_queryset(), name)(*args, **kwargs)
  File "C:\Users\lxd19\OneDrive\Documents\GitHub\404_group_project_21F\venv\lib\site-packages\django\db\models\query.py", line 424, in get
    clone = self._chain() if self.query.combinator else self.filter(*args, **kwargs)
  File "C:\Users\lxd19\OneDrive\Documents\GitHub\404_group_project_21F\venv\lib\site-packages\django\db\models\query.py", line 941, in filter
    return self._filter_or_exclude(False, args, kwargs)
  File "C:\Users\lxd19\OneDrive\Documents\GitHub\404_group_project_21F\venv\lib\site-packages\django\db\models\query.py", line 961, in _filter_or_exclude
    clone._filter_or_exclude_inplace(negate, args, kwargs)
  File "C:\Users\lxd19\OneDrive\Documents\GitHub\404_group_project_21F\venv\lib\site-packages\django\db\models\query.py", line 968, in _filter_or_exclude_inplace
    self._query.add_q(Q(*args, **kwargs))
  File "C:\Users\lxd19\OneDrive\Documents\GitHub\404_group_project_21F\venv\lib\site-packages\django\db\models\sql\query.py", line 1393, in add_q
    clause, _ = self._add_q(q_object, self.used_aliases)
  File "C:\Users\lxd19\OneDrive\Documents\GitHub\404_group_project_21F\venv\lib\site-packages\django\db\models\sql\query.py", line 1412, in _add_q
    child_clause, needed_inner = self.build_filter(
  File "C:\Users\lxd19\OneDrive\Documents\GitHub\404_group_project_21F\venv\lib\site-packages\django\db\models\sql\query.py", line 1347, in build_filter
    condition = self.build_lookup(lookups, col, value)
  File "C:\Users\lxd19\OneDrive\Documents\GitHub\404_group_project_21F\venv\lib\site-packages\django\db\models\sql\query.py", line 1193, in build_lookup
    lookup = lookup_class(lhs, rhs)
  File "C:\Users\lxd19\OneDrive\Documents\GitHub\404_group_project_21F\venv\lib\site-packages\django\db\models\lookups.py", line 25, in __init__
    self.rhs = self.get_prep_lookup()
  File "C:\Users\lxd19\OneDrive\Documents\GitHub\404_group_project_21F\venv\lib\site-packages\django\db\models\lookups.py", line 77, in get_prep_lookup
    return self.lhs.output_field.get_prep_value(self.rhs)
  File "C:\Users\lxd19\OneDrive\Documents\GitHub\404_group_project_21F\venv\lib\site-packages\django\db\models\fields\__init__.py", line 2418, in get_prep_value
    return self.to_python(value)
  File "C:\Users\lxd19\OneDrive\Documents\GitHub\404_group_project_21F\venv\lib\site-packages\django\db\models\fields\__init__.py", line 2436, in to_python
    raise exceptions.ValidationError(
django.core.exceptions.ValidationError: ['ìhttp://127.0.0.1:8000/api/author/d169def6-c178-44cc-b8bd-b02073ebc3e6/î is not a valid UUID.']
INFO:django.utils.autoreload:C:\Users\lxd19\OneDrive\Documents\GitHub\404_group_project_21F\friends\views.py changed, reloading.
DEBUG:asyncio:Using proactor: IocpProactor
ERROR:django.request:Internal Server Error: /sentrequest/b6bc9e67-3394-46f4-b269-b0aeb0eaedaa
Traceback (most recent call last):
  File "C:\Users\lxd19\OneDrive\Documents\GitHub\404_group_project_21F\venv\lib\site-packages\django\core\handlers\exception.py", line 47, in inner
    response = get_response(request)
  File "C:\Users\lxd19\OneDrive\Documents\GitHub\404_group_project_21F\venv\lib\site-packages\django\core\handlers\base.py", line 181, in _get_response
    response = wrapped_callback(request, *callback_args, **callback_kwargs)
  File "C:\Users\lxd19\OneDrive\Documents\GitHub\404_group_project_21F\venv\lib\site-packages\django\views\generic\base.py", line 70, in view
    return self.dispatch(request, *args, **kwargs)
  File "C:\Users\lxd19\OneDrive\Documents\GitHub\404_group_project_21F\venv\lib\site-packages\django\views\generic\base.py", line 98, in dispatch
    return handler(request, *args, **kwargs)
  File "C:\Users\lxd19\OneDrive\Documents\GitHub\404_group_project_21F\friends\views.py", line 243, in get
    context['request_user'] = request_user['username']
KeyError: 'username'
INFO:django.utils.autoreload:C:\Users\lxd19\OneDrive\Documents\GitHub\404_group_project_21F\friends\views.py changed, reloading.
DEBUG:asyncio:Using proactor: IocpProactor
ERROR:django.request:Internal Server Error: /sentrequest/b6bc9e67-3394-46f4-b269-b0aeb0eaedaa
Traceback (most recent call last):
  File "C:\Users\lxd19\OneDrive\Documents\GitHub\404_group_project_21F\venv\lib\site-packages\django\core\handlers\exception.py", line 47, in inner
    response = get_response(request)
  File "C:\Users\lxd19\OneDrive\Documents\GitHub\404_group_project_21F\venv\lib\site-packages\django\core\handlers\base.py", line 181, in _get_response
    response = wrapped_callback(request, *callback_args, **callback_kwargs)
  File "C:\Users\lxd19\OneDrive\Documents\GitHub\404_group_project_21F\venv\lib\site-packages\django\views\generic\base.py", line 70, in view
    return self.dispatch(request, *args, **kwargs)
  File "C:\Users\lxd19\OneDrive\Documents\GitHub\404_group_project_21F\venv\lib\site-packages\django\views\generic\base.py", line 98, in dispatch
    return handler(request, *args, **kwargs)
  File "C:\Users\lxd19\OneDrive\Documents\GitHub\404_group_project_21F\friends\views.py", line 255, in post
    context['request_user'] = request_user['username']
KeyError: 'username'
INFO:django.utils.autoreload:C:\Users\lxd19\OneDrive\Documents\GitHub\404_group_project_21F\friends\views.py changed, reloading.
DEBUG:asyncio:Using proactor: IocpProactor
DEBUG:root:[{'type': 'author', 'id': 'http://127.0.0.1:8000/api/author/df91d343-21b1-4eb4-8f8e-f04e0f1d2d19/', 'username': 'localauthor', 'profile_image': '', 'email': 'local@author.com', 'first_name': 'local', 'last_name': 'author', 'github': '', 'host': '127.0.0.1:8000', 'api_url': 'http://127.0.0.1:8000/api/author/df91d343-21b1-4eb4-8f8e-f04e0f1d2d19/'}]
ERROR:django.request:Internal Server Error: /myfollowslist/
Traceback (most recent call last):
  File "C:\Users\xiaoz\Desktop\year4\cmput404\404_group_project_21F\venv\lib\site-packages\django\core\handlers\exception.py", line 47, in inner
    response = get_response(request)
  File "C:\Users\xiaoz\Desktop\year4\cmput404\404_group_project_21F\venv\lib\site-packages\django\core\handlers\base.py", line 181, in _get_response
    response = wrapped_callback(request, *callback_args, **callback_kwargs)
  File "C:\Users\xiaoz\Desktop\year4\cmput404\404_group_project_21F\venv\lib\site-packages\django\contrib\auth\decorators.py", line 21, in _wrapped_view
    return view_func(request, *args, **kwargs)
  File "C:\Users\xiaoz\Desktop\year4\cmput404\404_group_project_21F\friends\views.py", line 141, in my_list
    return render(request, 'my_friends_list.html', context=context)
  File "C:\Users\xiaoz\Desktop\year4\cmput404\404_group_project_21F\venv\lib\site-packages\django\shortcuts.py", line 19, in render
    content = loader.render_to_string(template_name, context, request, using=using)
  File "C:\Users\xiaoz\Desktop\year4\cmput404\404_group_project_21F\venv\lib\site-packages\django\template\loader.py", line 62, in render_to_string
    return template.render(context, request)
  File "C:\Users\xiaoz\Desktop\year4\cmput404\404_group_project_21F\venv\lib\site-packages\django\template\backends\django.py", line 61, in render
    return self.template.render(context)
  File "C:\Users\xiaoz\Desktop\year4\cmput404\404_group_project_21F\venv\lib\site-packages\django\template\base.py", line 170, in render
    return self._render(context)
  File "C:\Users\xiaoz\Desktop\year4\cmput404\404_group_project_21F\venv\lib\site-packages\django\template\base.py", line 162, in _render
    return self.nodelist.render(context)
  File "C:\Users\xiaoz\Desktop\year4\cmput404\404_group_project_21F\venv\lib\site-packages\django\template\base.py", line 938, in render
    bit = node.render_annotated(context)
  File "C:\Users\xiaoz\Desktop\year4\cmput404\404_group_project_21F\venv\lib\site-packages\django\template\base.py", line 905, in render_annotated
    return self.render(context)
  File "C:\Users\xiaoz\Desktop\year4\cmput404\404_group_project_21F\venv\lib\site-packages\django\template\loader_tags.py", line 150, in render
    return compiled_parent._render(context)
  File "C:\Users\xiaoz\Desktop\year4\cmput404\404_group_project_21F\venv\lib\site-packages\django\template\base.py", line 162, in _render
    return self.nodelist.render(context)
  File "C:\Users\xiaoz\Desktop\year4\cmput404\404_group_project_21F\venv\lib\site-packages\django\template\base.py", line 938, in render
    bit = node.render_annotated(context)
  File "C:\Users\xiaoz\Desktop\year4\cmput404\404_group_project_21F\venv\lib\site-packages\django\template\base.py", line 905, in render_annotated
    return self.render(context)
  File "C:\Users\xiaoz\Desktop\year4\cmput404\404_group_project_21F\venv\lib\site-packages\django\template\loader_tags.py", line 150, in render
    return compiled_parent._render(context)
  File "C:\Users\xiaoz\Desktop\year4\cmput404\404_group_project_21F\venv\lib\site-packages\django\template\base.py", line 162, in _render
    return self.nodelist.render(context)
  File "C:\Users\xiaoz\Desktop\year4\cmput404\404_group_project_21F\venv\lib\site-packages\django\template\base.py", line 938, in render
    bit = node.render_annotated(context)
  File "C:\Users\xiaoz\Desktop\year4\cmput404\404_group_project_21F\venv\lib\site-packages\django\template\base.py", line 905, in render_annotated
    return self.render(context)
  File "C:\Users\xiaoz\Desktop\year4\cmput404\404_group_project_21F\venv\lib\site-packages\django\template\loader_tags.py", line 150, in render
    return compiled_parent._render(context)
  File "C:\Users\xiaoz\Desktop\year4\cmput404\404_group_project_21F\venv\lib\site-packages\django\template\base.py", line 162, in _render
    return self.nodelist.render(context)
  File "C:\Users\xiaoz\Desktop\year4\cmput404\404_group_project_21F\venv\lib\site-packages\django\template\base.py", line 938, in render
    bit = node.render_annotated(context)
  File "C:\Users\xiaoz\Desktop\year4\cmput404\404_group_project_21F\venv\lib\site-packages\django\template\base.py", line 905, in render_annotated
    return self.render(context)
  File "C:\Users\xiaoz\Desktop\year4\cmput404\404_group_project_21F\venv\lib\site-packages\django\template\loader_tags.py", line 62, in render
    result = block.nodelist.render(context)
  File "C:\Users\xiaoz\Desktop\year4\cmput404\404_group_project_21F\venv\lib\site-packages\django\template\base.py", line 938, in render
    bit = node.render_annotated(context)
  File "C:\Users\xiaoz\Desktop\year4\cmput404\404_group_project_21F\venv\lib\site-packages\django\template\base.py", line 905, in render_annotated
    return self.render(context)
  File "C:\Users\xiaoz\Desktop\year4\cmput404\404_group_project_21F\venv\lib\site-packages\django\template\loader_tags.py", line 62, in render
    result = block.nodelist.render(context)
  File "C:\Users\xiaoz\Desktop\year4\cmput404\404_group_project_21F\venv\lib\site-packages\django\template\base.py", line 938, in render
    bit = node.render_annotated(context)
  File "C:\Users\xiaoz\Desktop\year4\cmput404\404_group_project_21F\venv\lib\site-packages\django\template\base.py", line 905, in render_annotated
    return self.render(context)
  File "C:\Users\xiaoz\Desktop\year4\cmput404\404_group_project_21F\venv\lib\site-packages\django\template\defaulttags.py", line 211, in render
    nodelist.append(node.render_annotated(context))
  File "C:\Users\xiaoz\Desktop\year4\cmput404\404_group_project_21F\venv\lib\site-packages\django\template\base.py", line 905, in render_annotated
    return self.render(context)
  File "C:\Users\xiaoz\Desktop\year4\cmput404\404_group_project_21F\venv\lib\site-packages\django\template\defaulttags.py", line 312, in render
    return nodelist.render(context)
  File "C:\Users\xiaoz\Desktop\year4\cmput404\404_group_project_21F\venv\lib\site-packages\django\template\base.py", line 938, in render
    bit = node.render_annotated(context)
  File "C:\Users\xiaoz\Desktop\year4\cmput404\404_group_project_21F\venv\lib\site-packages\django\template\base.py", line 905, in render_annotated
    return self.render(context)
  File "C:\Users\xiaoz\Desktop\year4\cmput404\404_group_project_21F\venv\lib\site-packages\django\template\defaulttags.py", line 446, in render
    url = reverse(view_name, args=args, kwargs=kwargs, current_app=current_app)
  File "C:\Users\xiaoz\Desktop\year4\cmput404\404_group_project_21F\venv\lib\site-packages\django\urls\base.py", line 86, in reverse
    return resolver._reverse_with_prefix(view, prefix, *args, **kwargs)
  File "C:\Users\xiaoz\Desktop\year4\cmput404\404_group_project_21F\venv\lib\site-packages\django\urls\resolvers.py", line 694, in _reverse_with_prefix
    raise NoReverseMatch(msg)
django.urls.exceptions.NoReverseMatch: Reverse for 'un_befriend' with keyword arguments '{'id': '', 'delete': 'Un-follow'}' not found. 1 pattern(s) tried: ['(?P<id>[0-9a-f]{8}-[0-9a-f]{4}-[0-9a-f]{4}-[0-9a-f]{4}-[0-9a-f]{12})/(?P<delete>[^/]+)$']
DEBUG:urllib3.connectionpool:Starting new HTTPS connection (1): social-distribution-fall2021.herokuapp.com:443
DEBUG:urllib3.connectionpool:https://social-distribution-fall2021.herokuapp.com:443 "GET /api/authors/ HTTP/1.1" 200 1606
DEBUG:urllib3.connectionpool:Starting new HTTPS connection (1): cmput404-team13-socialapp.herokuapp.com:443
DEBUG:urllib3.connectionpool:Starting new HTTPS connection (1): social-distribution-fall2021.herokuapp.com:443
DEBUG:urllib3.connectionpool:https://cmput404-team13-socialapp.herokuapp.com:443 "GET /api/authors/ HTTP/1.1" 200 1113
DEBUG:urllib3.connectionpool:https://social-distribution-fall2021.herokuapp.com:443 "GET /api/authors/ HTTP/1.1" 200 1606
DEBUG:urllib3.connectionpool:Starting new HTTPS connection (1): cmput404-team13-socialapp.herokuapp.com:443
DEBUG:urllib3.connectionpool:https://cmput404-team13-socialapp.herokuapp.com:443 "GET /api/authors/ HTTP/1.1" 200 1113
WARNING:django.request:Not Found: /authors/}
DEBUG:urllib3.connectionpool:Starting new HTTPS connection (1): social-distribution-fall2021.herokuapp.com:443
DEBUG:urllib3.connectionpool:https://social-distribution-fall2021.herokuapp.com:443 "GET /api/author/73 HTTP/1.1" 200 292
DEBUG:urllib3.connectionpool:Starting new HTTPS connection (1): social-distribution-fall2021.herokuapp.com:443
DEBUG:urllib3.connectionpool:https://social-distribution-fall2021.herokuapp.com:443 "GET /api/author/73/posts HTTP/1.1" 200 58
DEBUG:urllib3.connectionpool:Starting new HTTPS connection (1): social-distribution-fall2021.herokuapp.com:443
DEBUG:urllib3.connectionpool:https://social-distribution-fall2021.herokuapp.com:443 "GET /api/author/73 HTTP/1.1" 200 292
DEBUG:urllib3.connectionpool:Starting new HTTPS connection (1): social-distribution-fall2021.herokuapp.com:443
DEBUG:urllib3.connectionpool:https://social-distribution-fall2021.herokuapp.com:443 "GET /api/author/73/posts HTTP/1.1" 200 58
DEBUG:urllib3.connectionpool:Starting new HTTPS connection (1): social-distribution-fall2021.herokuapp.com:443
DEBUG:urllib3.connectionpool:https://social-distribution-fall2021.herokuapp.com:443 "GET /api/authors/ HTTP/1.1" 200 1606
DEBUG:urllib3.connectionpool:Starting new HTTPS connection (1): cmput404-team13-socialapp.herokuapp.com:443
DEBUG:urllib3.connectionpool:https://cmput404-team13-socialapp.herokuapp.com:443 "GET /api/authors/ HTTP/1.1" 200 1113
WARNING:django.request:Not Found: /authors/}
DEBUG:urllib3.connectionpool:Starting new HTTPS connection (1): social-distribution-fall2021.herokuapp.com:443
DEBUG:urllib3.connectionpool:https://social-distribution-fall2021.herokuapp.com:443 "GET /api/author/92 HTTP/1.1" 200 295
DEBUG:urllib3.connectionpool:Starting new HTTPS connection (1): social-distribution-fall2021.herokuapp.com:443
DEBUG:urllib3.connectionpool:https://social-distribution-fall2021.herokuapp.com:443 "GET /api/author/92/posts HTTP/1.1" 200 58
DEBUG:urllib3.connectionpool:Starting new HTTP connection (1): 127.0.0.1:7890
DEBUG:urllib3.connectionpool:http://127.0.0.1:7890 "GET http://cmput404-team13-socialapp.herokuapp.com/api/author/5b222c49-12de-4bbb-86ab-08fc99974373 HTTP/1.1" 301 0
DEBUG:urllib3.connectionpool:http://127.0.0.1:7890 "GET http://cmput404-team13-socialapp.herokuapp.com/api/author/5b222c49-12de-4bbb-86ab-08fc99974373/ HTTP/1.1" 200 277
DEBUG:urllib3.connectionpool:Starting new HTTP connection (1): 127.0.0.1:7890
DEBUG:urllib3.connectionpool:http://127.0.0.1:7890 "GET http://cmput404-team13-socialapp.herokuapp.com/api/author/5b222c49-12de-4bbb-86ab-08fc99974373/posts HTTP/1.1" 301 0
DEBUG:urllib3.connectionpool:http://127.0.0.1:7890 "GET http://cmput404-team13-socialapp.herokuapp.com/api/author/5b222c49-12de-4bbb-86ab-08fc99974373/posts/ HTTP/1.1" 200 548
ERROR:django.request:Internal Server Error: /remote_author/
Traceback (most recent call last):
  File "C:\Users\xiaoz\Desktop\year4\cmput404\404_group_project_21F\Author\views.py", line 1134, in get
    remote_posts = posts_request.json()["items"]
TypeError: list indices must be integers or slices, not str

During handling of the above exception, another exception occurred:

Traceback (most recent call last):
  File "C:\Users\xiaoz\Desktop\year4\cmput404\404_group_project_21F\venv\lib\site-packages\django\core\handlers\exception.py", line 47, in inner
    response = get_response(request)
  File "C:\Users\xiaoz\Desktop\year4\cmput404\404_group_project_21F\venv\lib\site-packages\django\core\handlers\base.py", line 181, in _get_response
    response = wrapped_callback(request, *callback_args, **callback_kwargs)
  File "C:\Users\xiaoz\Desktop\year4\cmput404\404_group_project_21F\venv\lib\site-packages\django\views\generic\base.py", line 70, in view
    return self.dispatch(request, *args, **kwargs)
  File "C:\Users\xiaoz\Desktop\year4\cmput404\404_group_project_21F\venv\lib\site-packages\django\views\generic\base.py", line 98, in dispatch
    return handler(request, *args, **kwargs)
  File "C:\Users\xiaoz\Desktop\year4\cmput404\404_group_project_21F\Author\views.py", line 1136, in get
    remote_posts = posts_request.json()["item"]
TypeError: list indices must be integers or slices, not str
INFO:django.utils.autoreload:C:\Users\xiaoz\Desktop\year4\cmput404\404_group_project_21F\Author\views.py changed, reloading.
DEBUG:asyncio:Using proactor: IocpProactor
WARNING:django.request:Not Found: /myfriendslist/}
ERROR:django.request:Internal Server Error: /myfollowerslist/
Traceback (most recent call last):
  File "C:\Users\xiaoz\Desktop\year4\cmput404\404_group_project_21F\venv\lib\site-packages\django\core\handlers\exception.py", line 47, in inner
    response = get_response(request)
  File "C:\Users\xiaoz\Desktop\year4\cmput404\404_group_project_21F\venv\lib\site-packages\django\core\handlers\base.py", line 181, in _get_response
    response = wrapped_callback(request, *callback_args, **callback_kwargs)
  File "C:\Users\xiaoz\Desktop\year4\cmput404\404_group_project_21F\venv\lib\site-packages\django\contrib\auth\decorators.py", line 21, in _wrapped_view
    return view_func(request, *args, **kwargs)
  File "C:\Users\xiaoz\Desktop\year4\cmput404\404_group_project_21F\friends\views.py", line 141, in my_list
    return render(request, 'my_friends_list.html', context=context)
  File "C:\Users\xiaoz\Desktop\year4\cmput404\404_group_project_21F\venv\lib\site-packages\django\shortcuts.py", line 19, in render
    content = loader.render_to_string(template_name, context, request, using=using)
  File "C:\Users\xiaoz\Desktop\year4\cmput404\404_group_project_21F\venv\lib\site-packages\django\template\loader.py", line 62, in render_to_string
    return template.render(context, request)
  File "C:\Users\xiaoz\Desktop\year4\cmput404\404_group_project_21F\venv\lib\site-packages\django\template\backends\django.py", line 61, in render
    return self.template.render(context)
  File "C:\Users\xiaoz\Desktop\year4\cmput404\404_group_project_21F\venv\lib\site-packages\django\template\base.py", line 170, in render
    return self._render(context)
  File "C:\Users\xiaoz\Desktop\year4\cmput404\404_group_project_21F\venv\lib\site-packages\django\template\base.py", line 162, in _render
    return self.nodelist.render(context)
  File "C:\Users\xiaoz\Desktop\year4\cmput404\404_group_project_21F\venv\lib\site-packages\django\template\base.py", line 938, in render
    bit = node.render_annotated(context)
  File "C:\Users\xiaoz\Desktop\year4\cmput404\404_group_project_21F\venv\lib\site-packages\django\template\base.py", line 905, in render_annotated
    return self.render(context)
  File "C:\Users\xiaoz\Desktop\year4\cmput404\404_group_project_21F\venv\lib\site-packages\django\template\loader_tags.py", line 150, in render
    return compiled_parent._render(context)
  File "C:\Users\xiaoz\Desktop\year4\cmput404\404_group_project_21F\venv\lib\site-packages\django\template\base.py", line 162, in _render
    return self.nodelist.render(context)
  File "C:\Users\xiaoz\Desktop\year4\cmput404\404_group_project_21F\venv\lib\site-packages\django\template\base.py", line 938, in render
    bit = node.render_annotated(context)
  File "C:\Users\xiaoz\Desktop\year4\cmput404\404_group_project_21F\venv\lib\site-packages\django\template\base.py", line 905, in render_annotated
    return self.render(context)
  File "C:\Users\xiaoz\Desktop\year4\cmput404\404_group_project_21F\venv\lib\site-packages\django\template\loader_tags.py", line 150, in render
    return compiled_parent._render(context)
  File "C:\Users\xiaoz\Desktop\year4\cmput404\404_group_project_21F\venv\lib\site-packages\django\template\base.py", line 162, in _render
    return self.nodelist.render(context)
  File "C:\Users\xiaoz\Desktop\year4\cmput404\404_group_project_21F\venv\lib\site-packages\django\template\base.py", line 938, in render
    bit = node.render_annotated(context)
  File "C:\Users\xiaoz\Desktop\year4\cmput404\404_group_project_21F\venv\lib\site-packages\django\template\base.py", line 905, in render_annotated
    return self.render(context)
  File "C:\Users\xiaoz\Desktop\year4\cmput404\404_group_project_21F\venv\lib\site-packages\django\template\loader_tags.py", line 150, in render
    return compiled_parent._render(context)
  File "C:\Users\xiaoz\Desktop\year4\cmput404\404_group_project_21F\venv\lib\site-packages\django\template\base.py", line 162, in _render
    return self.nodelist.render(context)
  File "C:\Users\xiaoz\Desktop\year4\cmput404\404_group_project_21F\venv\lib\site-packages\django\template\base.py", line 938, in render
    bit = node.render_annotated(context)
  File "C:\Users\xiaoz\Desktop\year4\cmput404\404_group_project_21F\venv\lib\site-packages\django\template\base.py", line 905, in render_annotated
    return self.render(context)
  File "C:\Users\xiaoz\Desktop\year4\cmput404\404_group_project_21F\venv\lib\site-packages\django\template\loader_tags.py", line 62, in render
    result = block.nodelist.render(context)
  File "C:\Users\xiaoz\Desktop\year4\cmput404\404_group_project_21F\venv\lib\site-packages\django\template\base.py", line 938, in render
    bit = node.render_annotated(context)
  File "C:\Users\xiaoz\Desktop\year4\cmput404\404_group_project_21F\venv\lib\site-packages\django\template\base.py", line 905, in render_annotated
    return self.render(context)
  File "C:\Users\xiaoz\Desktop\year4\cmput404\404_group_project_21F\venv\lib\site-packages\django\template\loader_tags.py", line 62, in render
    result = block.nodelist.render(context)
  File "C:\Users\xiaoz\Desktop\year4\cmput404\404_group_project_21F\venv\lib\site-packages\django\template\base.py", line 938, in render
    bit = node.render_annotated(context)
  File "C:\Users\xiaoz\Desktop\year4\cmput404\404_group_project_21F\venv\lib\site-packages\django\template\base.py", line 905, in render_annotated
    return self.render(context)
  File "C:\Users\xiaoz\Desktop\year4\cmput404\404_group_project_21F\venv\lib\site-packages\django\template\defaulttags.py", line 211, in render
    nodelist.append(node.render_annotated(context))
  File "C:\Users\xiaoz\Desktop\year4\cmput404\404_group_project_21F\venv\lib\site-packages\django\template\base.py", line 905, in render_annotated
    return self.render(context)
  File "C:\Users\xiaoz\Desktop\year4\cmput404\404_group_project_21F\venv\lib\site-packages\django\template\defaulttags.py", line 312, in render
    return nodelist.render(context)
  File "C:\Users\xiaoz\Desktop\year4\cmput404\404_group_project_21F\venv\lib\site-packages\django\template\base.py", line 938, in render
    bit = node.render_annotated(context)
  File "C:\Users\xiaoz\Desktop\year4\cmput404\404_group_project_21F\venv\lib\site-packages\django\template\base.py", line 905, in render_annotated
    return self.render(context)
  File "C:\Users\xiaoz\Desktop\year4\cmput404\404_group_project_21F\venv\lib\site-packages\django\template\defaulttags.py", line 446, in render
    url = reverse(view_name, args=args, kwargs=kwargs, current_app=current_app)
  File "C:\Users\xiaoz\Desktop\year4\cmput404\404_group_project_21F\venv\lib\site-packages\django\urls\base.py", line 86, in reverse
    return resolver._reverse_with_prefix(view, prefix, *args, **kwargs)
  File "C:\Users\xiaoz\Desktop\year4\cmput404\404_group_project_21F\venv\lib\site-packages\django\urls\resolvers.py", line 694, in _reverse_with_prefix
    raise NoReverseMatch(msg)
django.urls.exceptions.NoReverseMatch: Reverse for 'un_befriend' with keyword arguments '{'id': '', 'delete': 'Un-follow'}' not found. 1 pattern(s) tried: ['(?P<id>[0-9a-f]{8}-[0-9a-f]{4}-[0-9a-f]{4}-[0-9a-f]{4}-[0-9a-f]{12})/(?P<delete>[^/]+)$']
ERROR:django.request:Internal Server Error: /myfollowerslist/
Traceback (most recent call last):
  File "C:\Users\xiaoz\Desktop\year4\cmput404\404_group_project_21F\venv\lib\site-packages\django\core\handlers\exception.py", line 47, in inner
    response = get_response(request)
  File "C:\Users\xiaoz\Desktop\year4\cmput404\404_group_project_21F\venv\lib\site-packages\django\core\handlers\base.py", line 181, in _get_response
    response = wrapped_callback(request, *callback_args, **callback_kwargs)
  File "C:\Users\xiaoz\Desktop\year4\cmput404\404_group_project_21F\venv\lib\site-packages\django\contrib\auth\decorators.py", line 21, in _wrapped_view
    return view_func(request, *args, **kwargs)
  File "C:\Users\xiaoz\Desktop\year4\cmput404\404_group_project_21F\friends\views.py", line 141, in my_list
    return render(request, 'my_friends_list.html', context=context)
  File "C:\Users\xiaoz\Desktop\year4\cmput404\404_group_project_21F\venv\lib\site-packages\django\shortcuts.py", line 19, in render
    content = loader.render_to_string(template_name, context, request, using=using)
  File "C:\Users\xiaoz\Desktop\year4\cmput404\404_group_project_21F\venv\lib\site-packages\django\template\loader.py", line 62, in render_to_string
    return template.render(context, request)
  File "C:\Users\xiaoz\Desktop\year4\cmput404\404_group_project_21F\venv\lib\site-packages\django\template\backends\django.py", line 61, in render
    return self.template.render(context)
  File "C:\Users\xiaoz\Desktop\year4\cmput404\404_group_project_21F\venv\lib\site-packages\django\template\base.py", line 170, in render
    return self._render(context)
  File "C:\Users\xiaoz\Desktop\year4\cmput404\404_group_project_21F\venv\lib\site-packages\django\template\base.py", line 162, in _render
    return self.nodelist.render(context)
  File "C:\Users\xiaoz\Desktop\year4\cmput404\404_group_project_21F\venv\lib\site-packages\django\template\base.py", line 938, in render
    bit = node.render_annotated(context)
  File "C:\Users\xiaoz\Desktop\year4\cmput404\404_group_project_21F\venv\lib\site-packages\django\template\base.py", line 905, in render_annotated
    return self.render(context)
  File "C:\Users\xiaoz\Desktop\year4\cmput404\404_group_project_21F\venv\lib\site-packages\django\template\loader_tags.py", line 150, in render
    return compiled_parent._render(context)
  File "C:\Users\xiaoz\Desktop\year4\cmput404\404_group_project_21F\venv\lib\site-packages\django\template\base.py", line 162, in _render
    return self.nodelist.render(context)
  File "C:\Users\xiaoz\Desktop\year4\cmput404\404_group_project_21F\venv\lib\site-packages\django\template\base.py", line 938, in render
    bit = node.render_annotated(context)
  File "C:\Users\xiaoz\Desktop\year4\cmput404\404_group_project_21F\venv\lib\site-packages\django\template\base.py", line 905, in render_annotated
    return self.render(context)
  File "C:\Users\xiaoz\Desktop\year4\cmput404\404_group_project_21F\venv\lib\site-packages\django\template\loader_tags.py", line 150, in render
    return compiled_parent._render(context)
  File "C:\Users\xiaoz\Desktop\year4\cmput404\404_group_project_21F\venv\lib\site-packages\django\template\base.py", line 162, in _render
    return self.nodelist.render(context)
  File "C:\Users\xiaoz\Desktop\year4\cmput404\404_group_project_21F\venv\lib\site-packages\django\template\base.py", line 938, in render
    bit = node.render_annotated(context)
  File "C:\Users\xiaoz\Desktop\year4\cmput404\404_group_project_21F\venv\lib\site-packages\django\template\base.py", line 905, in render_annotated
    return self.render(context)
  File "C:\Users\xiaoz\Desktop\year4\cmput404\404_group_project_21F\venv\lib\site-packages\django\template\loader_tags.py", line 150, in render
    return compiled_parent._render(context)
  File "C:\Users\xiaoz\Desktop\year4\cmput404\404_group_project_21F\venv\lib\site-packages\django\template\base.py", line 162, in _render
    return self.nodelist.render(context)
  File "C:\Users\xiaoz\Desktop\year4\cmput404\404_group_project_21F\venv\lib\site-packages\django\template\base.py", line 938, in render
    bit = node.render_annotated(context)
  File "C:\Users\xiaoz\Desktop\year4\cmput404\404_group_project_21F\venv\lib\site-packages\django\template\base.py", line 905, in render_annotated
    return self.render(context)
  File "C:\Users\xiaoz\Desktop\year4\cmput404\404_group_project_21F\venv\lib\site-packages\django\template\loader_tags.py", line 62, in render
    result = block.nodelist.render(context)
  File "C:\Users\xiaoz\Desktop\year4\cmput404\404_group_project_21F\venv\lib\site-packages\django\template\base.py", line 938, in render
    bit = node.render_annotated(context)
  File "C:\Users\xiaoz\Desktop\year4\cmput404\404_group_project_21F\venv\lib\site-packages\django\template\base.py", line 905, in render_annotated
    return self.render(context)
  File "C:\Users\xiaoz\Desktop\year4\cmput404\404_group_project_21F\venv\lib\site-packages\django\template\loader_tags.py", line 62, in render
    result = block.nodelist.render(context)
  File "C:\Users\xiaoz\Desktop\year4\cmput404\404_group_project_21F\venv\lib\site-packages\django\template\base.py", line 938, in render
    bit = node.render_annotated(context)
  File "C:\Users\xiaoz\Desktop\year4\cmput404\404_group_project_21F\venv\lib\site-packages\django\template\base.py", line 905, in render_annotated
    return self.render(context)
  File "C:\Users\xiaoz\Desktop\year4\cmput404\404_group_project_21F\venv\lib\site-packages\django\template\defaulttags.py", line 211, in render
    nodelist.append(node.render_annotated(context))
  File "C:\Users\xiaoz\Desktop\year4\cmput404\404_group_project_21F\venv\lib\site-packages\django\template\base.py", line 905, in render_annotated
    return self.render(context)
  File "C:\Users\xiaoz\Desktop\year4\cmput404\404_group_project_21F\venv\lib\site-packages\django\template\defaulttags.py", line 312, in render
    return nodelist.render(context)
  File "C:\Users\xiaoz\Desktop\year4\cmput404\404_group_project_21F\venv\lib\site-packages\django\template\base.py", line 938, in render
    bit = node.render_annotated(context)
  File "C:\Users\xiaoz\Desktop\year4\cmput404\404_group_project_21F\venv\lib\site-packages\django\template\base.py", line 905, in render_annotated
    return self.render(context)
  File "C:\Users\xiaoz\Desktop\year4\cmput404\404_group_project_21F\venv\lib\site-packages\django\template\defaulttags.py", line 446, in render
    url = reverse(view_name, args=args, kwargs=kwargs, current_app=current_app)
  File "C:\Users\xiaoz\Desktop\year4\cmput404\404_group_project_21F\venv\lib\site-packages\django\urls\base.py", line 86, in reverse
    return resolver._reverse_with_prefix(view, prefix, *args, **kwargs)
  File "C:\Users\xiaoz\Desktop\year4\cmput404\404_group_project_21F\venv\lib\site-packages\django\urls\resolvers.py", line 694, in _reverse_with_prefix
    raise NoReverseMatch(msg)
django.urls.exceptions.NoReverseMatch: Reverse for 'un_befriend' with keyword arguments '{'id': '', 'delete': 'Un-follow'}' not found. 1 pattern(s) tried: ['(?P<id>[0-9a-f]{8}-[0-9a-f]{4}-[0-9a-f]{4}-[0-9a-f]{4}-[0-9a-f]{12})/(?P<delete>[^/]+)$']
DEBUG:root:[{'type': 'author', 'id': 'http://127.0.0.1:8000/api/author/df91d343-21b1-4eb4-8f8e-f04e0f1d2d19/', 'username': 'localauthor', 'profile_image': '', 'email': 'local@author.com', 'first_name': 'local', 'last_name': 'author', 'github': '', 'host': '127.0.0.1:8000', 'api_url': 'http://127.0.0.1:8000/api/author/df91d343-21b1-4eb4-8f8e-f04e0f1d2d19/'}]
ERROR:django.request:Internal Server Error: /myfollowslist/
Traceback (most recent call last):
  File "C:\Users\xiaoz\Desktop\year4\cmput404\404_group_project_21F\venv\lib\site-packages\django\core\handlers\exception.py", line 47, in inner
    response = get_response(request)
  File "C:\Users\xiaoz\Desktop\year4\cmput404\404_group_project_21F\venv\lib\site-packages\django\core\handlers\base.py", line 181, in _get_response
    response = wrapped_callback(request, *callback_args, **callback_kwargs)
  File "C:\Users\xiaoz\Desktop\year4\cmput404\404_group_project_21F\venv\lib\site-packages\django\contrib\auth\decorators.py", line 21, in _wrapped_view
    return view_func(request, *args, **kwargs)
  File "C:\Users\xiaoz\Desktop\year4\cmput404\404_group_project_21F\friends\views.py", line 141, in my_list
    return render(request, 'my_friends_list.html', context=context)
  File "C:\Users\xiaoz\Desktop\year4\cmput404\404_group_project_21F\venv\lib\site-packages\django\shortcuts.py", line 19, in render
    content = loader.render_to_string(template_name, context, request, using=using)
  File "C:\Users\xiaoz\Desktop\year4\cmput404\404_group_project_21F\venv\lib\site-packages\django\template\loader.py", line 62, in render_to_string
    return template.render(context, request)
  File "C:\Users\xiaoz\Desktop\year4\cmput404\404_group_project_21F\venv\lib\site-packages\django\template\backends\django.py", line 61, in render
    return self.template.render(context)
  File "C:\Users\xiaoz\Desktop\year4\cmput404\404_group_project_21F\venv\lib\site-packages\django\template\base.py", line 170, in render
    return self._render(context)
  File "C:\Users\xiaoz\Desktop\year4\cmput404\404_group_project_21F\venv\lib\site-packages\django\template\base.py", line 162, in _render
    return self.nodelist.render(context)
  File "C:\Users\xiaoz\Desktop\year4\cmput404\404_group_project_21F\venv\lib\site-packages\django\template\base.py", line 938, in render
    bit = node.render_annotated(context)
  File "C:\Users\xiaoz\Desktop\year4\cmput404\404_group_project_21F\venv\lib\site-packages\django\template\base.py", line 905, in render_annotated
    return self.render(context)
  File "C:\Users\xiaoz\Desktop\year4\cmput404\404_group_project_21F\venv\lib\site-packages\django\template\loader_tags.py", line 150, in render
    return compiled_parent._render(context)
  File "C:\Users\xiaoz\Desktop\year4\cmput404\404_group_project_21F\venv\lib\site-packages\django\template\base.py", line 162, in _render
    return self.nodelist.render(context)
  File "C:\Users\xiaoz\Desktop\year4\cmput404\404_group_project_21F\venv\lib\site-packages\django\template\base.py", line 938, in render
    bit = node.render_annotated(context)
  File "C:\Users\xiaoz\Desktop\year4\cmput404\404_group_project_21F\venv\lib\site-packages\django\template\base.py", line 905, in render_annotated
    return self.render(context)
  File "C:\Users\xiaoz\Desktop\year4\cmput404\404_group_project_21F\venv\lib\site-packages\django\template\loader_tags.py", line 150, in render
    return compiled_parent._render(context)
  File "C:\Users\xiaoz\Desktop\year4\cmput404\404_group_project_21F\venv\lib\site-packages\django\template\base.py", line 162, in _render
    return self.nodelist.render(context)
  File "C:\Users\xiaoz\Desktop\year4\cmput404\404_group_project_21F\venv\lib\site-packages\django\template\base.py", line 938, in render
    bit = node.render_annotated(context)
  File "C:\Users\xiaoz\Desktop\year4\cmput404\404_group_project_21F\venv\lib\site-packages\django\template\base.py", line 905, in render_annotated
    return self.render(context)
  File "C:\Users\xiaoz\Desktop\year4\cmput404\404_group_project_21F\venv\lib\site-packages\django\template\loader_tags.py", line 150, in render
    return compiled_parent._render(context)
  File "C:\Users\xiaoz\Desktop\year4\cmput404\404_group_project_21F\venv\lib\site-packages\django\template\base.py", line 162, in _render
    return self.nodelist.render(context)
  File "C:\Users\xiaoz\Desktop\year4\cmput404\404_group_project_21F\venv\lib\site-packages\django\template\base.py", line 938, in render
    bit = node.render_annotated(context)
  File "C:\Users\xiaoz\Desktop\year4\cmput404\404_group_project_21F\venv\lib\site-packages\django\template\base.py", line 905, in render_annotated
    return self.render(context)
  File "C:\Users\xiaoz\Desktop\year4\cmput404\404_group_project_21F\venv\lib\site-packages\django\template\loader_tags.py", line 62, in render
    result = block.nodelist.render(context)
  File "C:\Users\xiaoz\Desktop\year4\cmput404\404_group_project_21F\venv\lib\site-packages\django\template\base.py", line 938, in render
    bit = node.render_annotated(context)
  File "C:\Users\xiaoz\Desktop\year4\cmput404\404_group_project_21F\venv\lib\site-packages\django\template\base.py", line 905, in render_annotated
    return self.render(context)
  File "C:\Users\xiaoz\Desktop\year4\cmput404\404_group_project_21F\venv\lib\site-packages\django\template\loader_tags.py", line 62, in render
    result = block.nodelist.render(context)
  File "C:\Users\xiaoz\Desktop\year4\cmput404\404_group_project_21F\venv\lib\site-packages\django\template\base.py", line 938, in render
    bit = node.render_annotated(context)
  File "C:\Users\xiaoz\Desktop\year4\cmput404\404_group_project_21F\venv\lib\site-packages\django\template\base.py", line 905, in render_annotated
    return self.render(context)
  File "C:\Users\xiaoz\Desktop\year4\cmput404\404_group_project_21F\venv\lib\site-packages\django\template\defaulttags.py", line 211, in render
    nodelist.append(node.render_annotated(context))
  File "C:\Users\xiaoz\Desktop\year4\cmput404\404_group_project_21F\venv\lib\site-packages\django\template\base.py", line 905, in render_annotated
    return self.render(context)
  File "C:\Users\xiaoz\Desktop\year4\cmput404\404_group_project_21F\venv\lib\site-packages\django\template\defaulttags.py", line 312, in render
    return nodelist.render(context)
  File "C:\Users\xiaoz\Desktop\year4\cmput404\404_group_project_21F\venv\lib\site-packages\django\template\base.py", line 938, in render
    bit = node.render_annotated(context)
  File "C:\Users\xiaoz\Desktop\year4\cmput404\404_group_project_21F\venv\lib\site-packages\django\template\base.py", line 905, in render_annotated
    return self.render(context)
  File "C:\Users\xiaoz\Desktop\year4\cmput404\404_group_project_21F\venv\lib\site-packages\django\template\defaulttags.py", line 446, in render
    url = reverse(view_name, args=args, kwargs=kwargs, current_app=current_app)
  File "C:\Users\xiaoz\Desktop\year4\cmput404\404_group_project_21F\venv\lib\site-packages\django\urls\base.py", line 86, in reverse
    return resolver._reverse_with_prefix(view, prefix, *args, **kwargs)
  File "C:\Users\xiaoz\Desktop\year4\cmput404\404_group_project_21F\venv\lib\site-packages\django\urls\resolvers.py", line 694, in _reverse_with_prefix
    raise NoReverseMatch(msg)
django.urls.exceptions.NoReverseMatch: Reverse for 'un_befriend' with keyword arguments '{'id': '', 'delete': 'Un-follow'}' not found. 1 pattern(s) tried: ['(?P<id>[0-9a-f]{8}-[0-9a-f]{4}-[0-9a-f]{4}-[0-9a-f]{4}-[0-9a-f]{12})/(?P<delete>[^/]+)$']
WARNING:django.request:Not Found: /myfriendslist/}
DEBUG:asyncio:Using proactor: IocpProactor
WARNING:django.request:Not Found: /myfriendslist/}
DEBUG:urllib3.connectionpool:Starting new HTTPS connection (1): social-distribution-fall2021.herokuapp.com:443
DEBUG:urllib3.connectionpool:https://social-distribution-fall2021.herokuapp.com:443 "GET /api/authors/ HTTP/1.1" 200 1606
DEBUG:urllib3.connectionpool:Starting new HTTPS connection (1): cmput404-team13-socialapp.herokuapp.com:443
DEBUG:urllib3.connectionpool:https://cmput404-team13-socialapp.herokuapp.com:443 "GET /api/authors/ HTTP/1.1" 200 1113
WARNING:django.request:Not Found: /authors/}
DEBUG:root:[{'type': 'author', 'id': 'http://127.0.0.1:8000/api/author/df91d343-21b1-4eb4-8f8e-f04e0f1d2d19/', 'username': 'localauthor', 'profile_image': '', 'email': 'local@author.com', 'first_name': 'local', 'last_name': 'author', 'github': '', 'host': '127.0.0.1:8000', 'api_url': 'http://127.0.0.1:8000/api/author/df91d343-21b1-4eb4-8f8e-f04e0f1d2d19/'}]
ERROR:django.request:Internal Server Error: /myfollowslist/
Traceback (most recent call last):
  File "C:\Users\xiaoz\Desktop\year4\cmput404\404_group_project_21F\venv\lib\site-packages\django\core\handlers\exception.py", line 47, in inner
    response = get_response(request)
  File "C:\Users\xiaoz\Desktop\year4\cmput404\404_group_project_21F\venv\lib\site-packages\django\core\handlers\base.py", line 181, in _get_response
    response = wrapped_callback(request, *callback_args, **callback_kwargs)
  File "C:\Users\xiaoz\Desktop\year4\cmput404\404_group_project_21F\venv\lib\site-packages\django\contrib\auth\decorators.py", line 21, in _wrapped_view
    return view_func(request, *args, **kwargs)
  File "C:\Users\xiaoz\Desktop\year4\cmput404\404_group_project_21F\friends\views.py", line 141, in my_list
    return render(request, 'my_friends_list.html', context=context)
  File "C:\Users\xiaoz\Desktop\year4\cmput404\404_group_project_21F\venv\lib\site-packages\django\shortcuts.py", line 19, in render
    content = loader.render_to_string(template_name, context, request, using=using)
  File "C:\Users\xiaoz\Desktop\year4\cmput404\404_group_project_21F\venv\lib\site-packages\django\template\loader.py", line 62, in render_to_string
    return template.render(context, request)
  File "C:\Users\xiaoz\Desktop\year4\cmput404\404_group_project_21F\venv\lib\site-packages\django\template\backends\django.py", line 61, in render
    return self.template.render(context)
  File "C:\Users\xiaoz\Desktop\year4\cmput404\404_group_project_21F\venv\lib\site-packages\django\template\base.py", line 170, in render
    return self._render(context)
  File "C:\Users\xiaoz\Desktop\year4\cmput404\404_group_project_21F\venv\lib\site-packages\django\template\base.py", line 162, in _render
    return self.nodelist.render(context)
  File "C:\Users\xiaoz\Desktop\year4\cmput404\404_group_project_21F\venv\lib\site-packages\django\template\base.py", line 938, in render
    bit = node.render_annotated(context)
  File "C:\Users\xiaoz\Desktop\year4\cmput404\404_group_project_21F\venv\lib\site-packages\django\template\base.py", line 905, in render_annotated
    return self.render(context)
  File "C:\Users\xiaoz\Desktop\year4\cmput404\404_group_project_21F\venv\lib\site-packages\django\template\loader_tags.py", line 150, in render
    return compiled_parent._render(context)
  File "C:\Users\xiaoz\Desktop\year4\cmput404\404_group_project_21F\venv\lib\site-packages\django\template\base.py", line 162, in _render
    return self.nodelist.render(context)
  File "C:\Users\xiaoz\Desktop\year4\cmput404\404_group_project_21F\venv\lib\site-packages\django\template\base.py", line 938, in render
    bit = node.render_annotated(context)
  File "C:\Users\xiaoz\Desktop\year4\cmput404\404_group_project_21F\venv\lib\site-packages\django\template\base.py", line 905, in render_annotated
    return self.render(context)
  File "C:\Users\xiaoz\Desktop\year4\cmput404\404_group_project_21F\venv\lib\site-packages\django\template\loader_tags.py", line 150, in render
    return compiled_parent._render(context)
  File "C:\Users\xiaoz\Desktop\year4\cmput404\404_group_project_21F\venv\lib\site-packages\django\template\base.py", line 162, in _render
    return self.nodelist.render(context)
  File "C:\Users\xiaoz\Desktop\year4\cmput404\404_group_project_21F\venv\lib\site-packages\django\template\base.py", line 938, in render
    bit = node.render_annotated(context)
  File "C:\Users\xiaoz\Desktop\year4\cmput404\404_group_project_21F\venv\lib\site-packages\django\template\base.py", line 905, in render_annotated
    return self.render(context)
  File "C:\Users\xiaoz\Desktop\year4\cmput404\404_group_project_21F\venv\lib\site-packages\django\template\loader_tags.py", line 150, in render
    return compiled_parent._render(context)
  File "C:\Users\xiaoz\Desktop\year4\cmput404\404_group_project_21F\venv\lib\site-packages\django\template\base.py", line 162, in _render
    return self.nodelist.render(context)
  File "C:\Users\xiaoz\Desktop\year4\cmput404\404_group_project_21F\venv\lib\site-packages\django\template\base.py", line 938, in render
    bit = node.render_annotated(context)
  File "C:\Users\xiaoz\Desktop\year4\cmput404\404_group_project_21F\venv\lib\site-packages\django\template\base.py", line 905, in render_annotated
    return self.render(context)
  File "C:\Users\xiaoz\Desktop\year4\cmput404\404_group_project_21F\venv\lib\site-packages\django\template\loader_tags.py", line 62, in render
    result = block.nodelist.render(context)
  File "C:\Users\xiaoz\Desktop\year4\cmput404\404_group_project_21F\venv\lib\site-packages\django\template\base.py", line 938, in render
    bit = node.render_annotated(context)
  File "C:\Users\xiaoz\Desktop\year4\cmput404\404_group_project_21F\venv\lib\site-packages\django\template\base.py", line 905, in render_annotated
    return self.render(context)
  File "C:\Users\xiaoz\Desktop\year4\cmput404\404_group_project_21F\venv\lib\site-packages\django\template\loader_tags.py", line 62, in render
    result = block.nodelist.render(context)
  File "C:\Users\xiaoz\Desktop\year4\cmput404\404_group_project_21F\venv\lib\site-packages\django\template\base.py", line 938, in render
    bit = node.render_annotated(context)
  File "C:\Users\xiaoz\Desktop\year4\cmput404\404_group_project_21F\venv\lib\site-packages\django\template\base.py", line 905, in render_annotated
    return self.render(context)
  File "C:\Users\xiaoz\Desktop\year4\cmput404\404_group_project_21F\venv\lib\site-packages\django\template\defaulttags.py", line 211, in render
    nodelist.append(node.render_annotated(context))
  File "C:\Users\xiaoz\Desktop\year4\cmput404\404_group_project_21F\venv\lib\site-packages\django\template\base.py", line 905, in render_annotated
    return self.render(context)
  File "C:\Users\xiaoz\Desktop\year4\cmput404\404_group_project_21F\venv\lib\site-packages\django\template\defaulttags.py", line 312, in render
    return nodelist.render(context)
  File "C:\Users\xiaoz\Desktop\year4\cmput404\404_group_project_21F\venv\lib\site-packages\django\template\base.py", line 938, in render
    bit = node.render_annotated(context)
  File "C:\Users\xiaoz\Desktop\year4\cmput404\404_group_project_21F\venv\lib\site-packages\django\template\base.py", line 905, in render_annotated
    return self.render(context)
  File "C:\Users\xiaoz\Desktop\year4\cmput404\404_group_project_21F\venv\lib\site-packages\django\template\defaulttags.py", line 446, in render
    url = reverse(view_name, args=args, kwargs=kwargs, current_app=current_app)
  File "C:\Users\xiaoz\Desktop\year4\cmput404\404_group_project_21F\venv\lib\site-packages\django\urls\base.py", line 86, in reverse
    return resolver._reverse_with_prefix(view, prefix, *args, **kwargs)
  File "C:\Users\xiaoz\Desktop\year4\cmput404\404_group_project_21F\venv\lib\site-packages\django\urls\resolvers.py", line 694, in _reverse_with_prefix
    raise NoReverseMatch(msg)
django.urls.exceptions.NoReverseMatch: Reverse for 'un_befriend' with keyword arguments '{'id': '', 'delete': 'Un-follow'}' not found. 1 pattern(s) tried: ['(?P<id>[0-9a-f]{8}-[0-9a-f]{4}-[0-9a-f]{4}-[0-9a-f]{4}-[0-9a-f]{12})/(?P<delete>[^/]+)$']
DEBUG:root:[{'type': 'author', 'id': 'http://127.0.0.1:8000/api/author/df91d343-21b1-4eb4-8f8e-f04e0f1d2d19/', 'username': 'localauthor', 'profile_image': '', 'email': 'local@author.com', 'first_name': 'local', 'last_name': 'author', 'github': '', 'host': '127.0.0.1:8000', 'api_url': 'http://127.0.0.1:8000/api/author/df91d343-21b1-4eb4-8f8e-f04e0f1d2d19/'}]
ERROR:django.request:Internal Server Error: /myfollowslist/
Traceback (most recent call last):
  File "C:\Users\xiaoz\Desktop\year4\cmput404\404_group_project_21F\venv\lib\site-packages\django\core\handlers\exception.py", line 47, in inner
    response = get_response(request)
  File "C:\Users\xiaoz\Desktop\year4\cmput404\404_group_project_21F\venv\lib\site-packages\django\core\handlers\base.py", line 181, in _get_response
    response = wrapped_callback(request, *callback_args, **callback_kwargs)
  File "C:\Users\xiaoz\Desktop\year4\cmput404\404_group_project_21F\venv\lib\site-packages\django\contrib\auth\decorators.py", line 21, in _wrapped_view
    return view_func(request, *args, **kwargs)
  File "C:\Users\xiaoz\Desktop\year4\cmput404\404_group_project_21F\friends\views.py", line 141, in my_list
    return render(request, 'my_friends_list.html', context=context)
  File "C:\Users\xiaoz\Desktop\year4\cmput404\404_group_project_21F\venv\lib\site-packages\django\shortcuts.py", line 19, in render
    content = loader.render_to_string(template_name, context, request, using=using)
  File "C:\Users\xiaoz\Desktop\year4\cmput404\404_group_project_21F\venv\lib\site-packages\django\template\loader.py", line 62, in render_to_string
    return template.render(context, request)
  File "C:\Users\xiaoz\Desktop\year4\cmput404\404_group_project_21F\venv\lib\site-packages\django\template\backends\django.py", line 61, in render
    return self.template.render(context)
  File "C:\Users\xiaoz\Desktop\year4\cmput404\404_group_project_21F\venv\lib\site-packages\django\template\base.py", line 170, in render
    return self._render(context)
  File "C:\Users\xiaoz\Desktop\year4\cmput404\404_group_project_21F\venv\lib\site-packages\django\template\base.py", line 162, in _render
    return self.nodelist.render(context)
  File "C:\Users\xiaoz\Desktop\year4\cmput404\404_group_project_21F\venv\lib\site-packages\django\template\base.py", line 938, in render
    bit = node.render_annotated(context)
  File "C:\Users\xiaoz\Desktop\year4\cmput404\404_group_project_21F\venv\lib\site-packages\django\template\base.py", line 905, in render_annotated
    return self.render(context)
  File "C:\Users\xiaoz\Desktop\year4\cmput404\404_group_project_21F\venv\lib\site-packages\django\template\loader_tags.py", line 150, in render
    return compiled_parent._render(context)
  File "C:\Users\xiaoz\Desktop\year4\cmput404\404_group_project_21F\venv\lib\site-packages\django\template\base.py", line 162, in _render
    return self.nodelist.render(context)
  File "C:\Users\xiaoz\Desktop\year4\cmput404\404_group_project_21F\venv\lib\site-packages\django\template\base.py", line 938, in render
    bit = node.render_annotated(context)
  File "C:\Users\xiaoz\Desktop\year4\cmput404\404_group_project_21F\venv\lib\site-packages\django\template\base.py", line 905, in render_annotated
    return self.render(context)
  File "C:\Users\xiaoz\Desktop\year4\cmput404\404_group_project_21F\venv\lib\site-packages\django\template\loader_tags.py", line 150, in render
    return compiled_parent._render(context)
  File "C:\Users\xiaoz\Desktop\year4\cmput404\404_group_project_21F\venv\lib\site-packages\django\template\base.py", line 162, in _render
    return self.nodelist.render(context)
  File "C:\Users\xiaoz\Desktop\year4\cmput404\404_group_project_21F\venv\lib\site-packages\django\template\base.py", line 938, in render
    bit = node.render_annotated(context)
  File "C:\Users\xiaoz\Desktop\year4\cmput404\404_group_project_21F\venv\lib\site-packages\django\template\base.py", line 905, in render_annotated
    return self.render(context)
  File "C:\Users\xiaoz\Desktop\year4\cmput404\404_group_project_21F\venv\lib\site-packages\django\template\loader_tags.py", line 150, in render
    return compiled_parent._render(context)
  File "C:\Users\xiaoz\Desktop\year4\cmput404\404_group_project_21F\venv\lib\site-packages\django\template\base.py", line 162, in _render
    return self.nodelist.render(context)
  File "C:\Users\xiaoz\Desktop\year4\cmput404\404_group_project_21F\venv\lib\site-packages\django\template\base.py", line 938, in render
    bit = node.render_annotated(context)
  File "C:\Users\xiaoz\Desktop\year4\cmput404\404_group_project_21F\venv\lib\site-packages\django\template\base.py", line 905, in render_annotated
    return self.render(context)
  File "C:\Users\xiaoz\Desktop\year4\cmput404\404_group_project_21F\venv\lib\site-packages\django\template\loader_tags.py", line 62, in render
    result = block.nodelist.render(context)
  File "C:\Users\xiaoz\Desktop\year4\cmput404\404_group_project_21F\venv\lib\site-packages\django\template\base.py", line 938, in render
    bit = node.render_annotated(context)
  File "C:\Users\xiaoz\Desktop\year4\cmput404\404_group_project_21F\venv\lib\site-packages\django\template\base.py", line 905, in render_annotated
    return self.render(context)
  File "C:\Users\xiaoz\Desktop\year4\cmput404\404_group_project_21F\venv\lib\site-packages\django\template\loader_tags.py", line 62, in render
    result = block.nodelist.render(context)
  File "C:\Users\xiaoz\Desktop\year4\cmput404\404_group_project_21F\venv\lib\site-packages\django\template\base.py", line 938, in render
    bit = node.render_annotated(context)
  File "C:\Users\xiaoz\Desktop\year4\cmput404\404_group_project_21F\venv\lib\site-packages\django\template\base.py", line 905, in render_annotated
    return self.render(context)
  File "C:\Users\xiaoz\Desktop\year4\cmput404\404_group_project_21F\venv\lib\site-packages\django\template\defaulttags.py", line 211, in render
    nodelist.append(node.render_annotated(context))
  File "C:\Users\xiaoz\Desktop\year4\cmput404\404_group_project_21F\venv\lib\site-packages\django\template\base.py", line 905, in render_annotated
    return self.render(context)
  File "C:\Users\xiaoz\Desktop\year4\cmput404\404_group_project_21F\venv\lib\site-packages\django\template\defaulttags.py", line 312, in render
    return nodelist.render(context)
  File "C:\Users\xiaoz\Desktop\year4\cmput404\404_group_project_21F\venv\lib\site-packages\django\template\base.py", line 938, in render
    bit = node.render_annotated(context)
  File "C:\Users\xiaoz\Desktop\year4\cmput404\404_group_project_21F\venv\lib\site-packages\django\template\base.py", line 905, in render_annotated
    return self.render(context)
  File "C:\Users\xiaoz\Desktop\year4\cmput404\404_group_project_21F\venv\lib\site-packages\django\template\defaulttags.py", line 446, in render
    url = reverse(view_name, args=args, kwargs=kwargs, current_app=current_app)
  File "C:\Users\xiaoz\Desktop\year4\cmput404\404_group_project_21F\venv\lib\site-packages\django\urls\base.py", line 86, in reverse
    return resolver._reverse_with_prefix(view, prefix, *args, **kwargs)
  File "C:\Users\xiaoz\Desktop\year4\cmput404\404_group_project_21F\venv\lib\site-packages\django\urls\resolvers.py", line 694, in _reverse_with_prefix
    raise NoReverseMatch(msg)
django.urls.exceptions.NoReverseMatch: Reverse for 'un_befriend' with keyword arguments '{'id': '', 'delete': 'Un-follow'}' not found. 1 pattern(s) tried: ['(?P<id>[0-9a-f]{8}-[0-9a-f]{4}-[0-9a-f]{4}-[0-9a-f]{4}-[0-9a-f]{12})/(?P<delete>[^/]+)$']
ERROR:django.request:Internal Server Error: /myfollowerslist/
Traceback (most recent call last):
  File "C:\Users\xiaoz\Desktop\year4\cmput404\404_group_project_21F\venv\lib\site-packages\django\core\handlers\exception.py", line 47, in inner
    response = get_response(request)
  File "C:\Users\xiaoz\Desktop\year4\cmput404\404_group_project_21F\venv\lib\site-packages\django\core\handlers\base.py", line 181, in _get_response
    response = wrapped_callback(request, *callback_args, **callback_kwargs)
  File "C:\Users\xiaoz\Desktop\year4\cmput404\404_group_project_21F\venv\lib\site-packages\django\contrib\auth\decorators.py", line 21, in _wrapped_view
    return view_func(request, *args, **kwargs)
  File "C:\Users\xiaoz\Desktop\year4\cmput404\404_group_project_21F\friends\views.py", line 141, in my_list
    return render(request, 'my_friends_list.html', context=context)
  File "C:\Users\xiaoz\Desktop\year4\cmput404\404_group_project_21F\venv\lib\site-packages\django\shortcuts.py", line 19, in render
    content = loader.render_to_string(template_name, context, request, using=using)
  File "C:\Users\xiaoz\Desktop\year4\cmput404\404_group_project_21F\venv\lib\site-packages\django\template\loader.py", line 62, in render_to_string
    return template.render(context, request)
  File "C:\Users\xiaoz\Desktop\year4\cmput404\404_group_project_21F\venv\lib\site-packages\django\template\backends\django.py", line 61, in render
    return self.template.render(context)
  File "C:\Users\xiaoz\Desktop\year4\cmput404\404_group_project_21F\venv\lib\site-packages\django\template\base.py", line 170, in render
    return self._render(context)
  File "C:\Users\xiaoz\Desktop\year4\cmput404\404_group_project_21F\venv\lib\site-packages\django\template\base.py", line 162, in _render
    return self.nodelist.render(context)
  File "C:\Users\xiaoz\Desktop\year4\cmput404\404_group_project_21F\venv\lib\site-packages\django\template\base.py", line 938, in render
    bit = node.render_annotated(context)
  File "C:\Users\xiaoz\Desktop\year4\cmput404\404_group_project_21F\venv\lib\site-packages\django\template\base.py", line 905, in render_annotated
    return self.render(context)
  File "C:\Users\xiaoz\Desktop\year4\cmput404\404_group_project_21F\venv\lib\site-packages\django\template\loader_tags.py", line 150, in render
    return compiled_parent._render(context)
  File "C:\Users\xiaoz\Desktop\year4\cmput404\404_group_project_21F\venv\lib\site-packages\django\template\base.py", line 162, in _render
    return self.nodelist.render(context)
  File "C:\Users\xiaoz\Desktop\year4\cmput404\404_group_project_21F\venv\lib\site-packages\django\template\base.py", line 938, in render
    bit = node.render_annotated(context)
  File "C:\Users\xiaoz\Desktop\year4\cmput404\404_group_project_21F\venv\lib\site-packages\django\template\base.py", line 905, in render_annotated
    return self.render(context)
  File "C:\Users\xiaoz\Desktop\year4\cmput404\404_group_project_21F\venv\lib\site-packages\django\template\loader_tags.py", line 150, in render
    return compiled_parent._render(context)
  File "C:\Users\xiaoz\Desktop\year4\cmput404\404_group_project_21F\venv\lib\site-packages\django\template\base.py", line 162, in _render
    return self.nodelist.render(context)
  File "C:\Users\xiaoz\Desktop\year4\cmput404\404_group_project_21F\venv\lib\site-packages\django\template\base.py", line 938, in render
    bit = node.render_annotated(context)
  File "C:\Users\xiaoz\Desktop\year4\cmput404\404_group_project_21F\venv\lib\site-packages\django\template\base.py", line 905, in render_annotated
    return self.render(context)
  File "C:\Users\xiaoz\Desktop\year4\cmput404\404_group_project_21F\venv\lib\site-packages\django\template\loader_tags.py", line 150, in render
    return compiled_parent._render(context)
  File "C:\Users\xiaoz\Desktop\year4\cmput404\404_group_project_21F\venv\lib\site-packages\django\template\base.py", line 162, in _render
    return self.nodelist.render(context)
  File "C:\Users\xiaoz\Desktop\year4\cmput404\404_group_project_21F\venv\lib\site-packages\django\template\base.py", line 938, in render
    bit = node.render_annotated(context)
  File "C:\Users\xiaoz\Desktop\year4\cmput404\404_group_project_21F\venv\lib\site-packages\django\template\base.py", line 905, in render_annotated
    return self.render(context)
  File "C:\Users\xiaoz\Desktop\year4\cmput404\404_group_project_21F\venv\lib\site-packages\django\template\loader_tags.py", line 62, in render
    result = block.nodelist.render(context)
  File "C:\Users\xiaoz\Desktop\year4\cmput404\404_group_project_21F\venv\lib\site-packages\django\template\base.py", line 938, in render
    bit = node.render_annotated(context)
  File "C:\Users\xiaoz\Desktop\year4\cmput404\404_group_project_21F\venv\lib\site-packages\django\template\base.py", line 905, in render_annotated
    return self.render(context)
  File "C:\Users\xiaoz\Desktop\year4\cmput404\404_group_project_21F\venv\lib\site-packages\django\template\loader_tags.py", line 62, in render
    result = block.nodelist.render(context)
  File "C:\Users\xiaoz\Desktop\year4\cmput404\404_group_project_21F\venv\lib\site-packages\django\template\base.py", line 938, in render
    bit = node.render_annotated(context)
  File "C:\Users\xiaoz\Desktop\year4\cmput404\404_group_project_21F\venv\lib\site-packages\django\template\base.py", line 905, in render_annotated
    return self.render(context)
  File "C:\Users\xiaoz\Desktop\year4\cmput404\404_group_project_21F\venv\lib\site-packages\django\template\defaulttags.py", line 211, in render
    nodelist.append(node.render_annotated(context))
  File "C:\Users\xiaoz\Desktop\year4\cmput404\404_group_project_21F\venv\lib\site-packages\django\template\base.py", line 905, in render_annotated
    return self.render(context)
  File "C:\Users\xiaoz\Desktop\year4\cmput404\404_group_project_21F\venv\lib\site-packages\django\template\defaulttags.py", line 312, in render
    return nodelist.render(context)
  File "C:\Users\xiaoz\Desktop\year4\cmput404\404_group_project_21F\venv\lib\site-packages\django\template\base.py", line 938, in render
    bit = node.render_annotated(context)
  File "C:\Users\xiaoz\Desktop\year4\cmput404\404_group_project_21F\venv\lib\site-packages\django\template\base.py", line 905, in render_annotated
    return self.render(context)
  File "C:\Users\xiaoz\Desktop\year4\cmput404\404_group_project_21F\venv\lib\site-packages\django\template\defaulttags.py", line 446, in render
    url = reverse(view_name, args=args, kwargs=kwargs, current_app=current_app)
  File "C:\Users\xiaoz\Desktop\year4\cmput404\404_group_project_21F\venv\lib\site-packages\django\urls\base.py", line 86, in reverse
    return resolver._reverse_with_prefix(view, prefix, *args, **kwargs)
  File "C:\Users\xiaoz\Desktop\year4\cmput404\404_group_project_21F\venv\lib\site-packages\django\urls\resolvers.py", line 694, in _reverse_with_prefix
    raise NoReverseMatch(msg)
django.urls.exceptions.NoReverseMatch: Reverse for 'un_befriend' with keyword arguments '{'id': '', 'delete': 'Un-follow'}' not found. 1 pattern(s) tried: ['(?P<id>[0-9a-f]{8}-[0-9a-f]{4}-[0-9a-f]{4}-[0-9a-f]{4}-[0-9a-f]{12})/(?P<delete>[^/]+)$']
DEBUG:MARKDOWN:Successfully imported extension module "markdown.extensions.fenced_code".
DEBUG:MARKDOWN:Successfully loaded extension "markdown.extensions.fenced_code.FencedCodeExtension".
ERROR:django.request:Internal Server Error: /author/e5e39531-c1a2-4353-9b03-e28e3c76c9ba/followers/
Traceback (most recent call last):
  File "C:\Users\xiaoz\Desktop\year4\cmput404\404_group_project_21F\venv\lib\site-packages\django\core\handlers\exception.py", line 47, in inner
    response = get_response(request)
  File "C:\Users\xiaoz\Desktop\year4\cmput404\404_group_project_21F\venv\lib\site-packages\django\core\handlers\base.py", line 181, in _get_response
    response = wrapped_callback(request, *callback_args, **callback_kwargs)
  File "C:\Users\xiaoz\Desktop\year4\cmput404\404_group_project_21F\friends\views.py", line 82, in followers_list_view
    return render(request, 'all_friends_list.html', context=context)
  File "C:\Users\xiaoz\Desktop\year4\cmput404\404_group_project_21F\venv\lib\site-packages\django\shortcuts.py", line 19, in render
    content = loader.render_to_string(template_name, context, request, using=using)
  File "C:\Users\xiaoz\Desktop\year4\cmput404\404_group_project_21F\venv\lib\site-packages\django\template\loader.py", line 62, in render_to_string
    return template.render(context, request)
  File "C:\Users\xiaoz\Desktop\year4\cmput404\404_group_project_21F\venv\lib\site-packages\django\template\backends\django.py", line 61, in render
    return self.template.render(context)
  File "C:\Users\xiaoz\Desktop\year4\cmput404\404_group_project_21F\venv\lib\site-packages\django\template\base.py", line 170, in render
    return self._render(context)
  File "C:\Users\xiaoz\Desktop\year4\cmput404\404_group_project_21F\venv\lib\site-packages\django\template\base.py", line 162, in _render
    return self.nodelist.render(context)
  File "C:\Users\xiaoz\Desktop\year4\cmput404\404_group_project_21F\venv\lib\site-packages\django\template\base.py", line 938, in render
    bit = node.render_annotated(context)
  File "C:\Users\xiaoz\Desktop\year4\cmput404\404_group_project_21F\venv\lib\site-packages\django\template\base.py", line 905, in render_annotated
    return self.render(context)
  File "C:\Users\xiaoz\Desktop\year4\cmput404\404_group_project_21F\venv\lib\site-packages\django\template\loader_tags.py", line 150, in render
    return compiled_parent._render(context)
  File "C:\Users\xiaoz\Desktop\year4\cmput404\404_group_project_21F\venv\lib\site-packages\django\template\base.py", line 162, in _render
    return self.nodelist.render(context)
  File "C:\Users\xiaoz\Desktop\year4\cmput404\404_group_project_21F\venv\lib\site-packages\django\template\base.py", line 938, in render
    bit = node.render_annotated(context)
  File "C:\Users\xiaoz\Desktop\year4\cmput404\404_group_project_21F\venv\lib\site-packages\django\template\base.py", line 905, in render_annotated
    return self.render(context)
  File "C:\Users\xiaoz\Desktop\year4\cmput404\404_group_project_21F\venv\lib\site-packages\django\template\loader_tags.py", line 150, in render
    return compiled_parent._render(context)
  File "C:\Users\xiaoz\Desktop\year4\cmput404\404_group_project_21F\venv\lib\site-packages\django\template\base.py", line 162, in _render
    return self.nodelist.render(context)
  File "C:\Users\xiaoz\Desktop\year4\cmput404\404_group_project_21F\venv\lib\site-packages\django\template\base.py", line 938, in render
    bit = node.render_annotated(context)
  File "C:\Users\xiaoz\Desktop\year4\cmput404\404_group_project_21F\venv\lib\site-packages\django\template\base.py", line 905, in render_annotated
    return self.render(context)
  File "C:\Users\xiaoz\Desktop\year4\cmput404\404_group_project_21F\venv\lib\site-packages\django\template\loader_tags.py", line 150, in render
    return compiled_parent._render(context)
  File "C:\Users\xiaoz\Desktop\year4\cmput404\404_group_project_21F\venv\lib\site-packages\django\template\base.py", line 162, in _render
    return self.nodelist.render(context)
  File "C:\Users\xiaoz\Desktop\year4\cmput404\404_group_project_21F\venv\lib\site-packages\django\template\base.py", line 938, in render
    bit = node.render_annotated(context)
  File "C:\Users\xiaoz\Desktop\year4\cmput404\404_group_project_21F\venv\lib\site-packages\django\template\base.py", line 905, in render_annotated
    return self.render(context)
  File "C:\Users\xiaoz\Desktop\year4\cmput404\404_group_project_21F\venv\lib\site-packages\django\template\loader_tags.py", line 62, in render
    result = block.nodelist.render(context)
  File "C:\Users\xiaoz\Desktop\year4\cmput404\404_group_project_21F\venv\lib\site-packages\django\template\base.py", line 938, in render
    bit = node.render_annotated(context)
  File "C:\Users\xiaoz\Desktop\year4\cmput404\404_group_project_21F\venv\lib\site-packages\django\template\base.py", line 905, in render_annotated
    return self.render(context)
  File "C:\Users\xiaoz\Desktop\year4\cmput404\404_group_project_21F\venv\lib\site-packages\django\template\loader_tags.py", line 62, in render
    result = block.nodelist.render(context)
  File "C:\Users\xiaoz\Desktop\year4\cmput404\404_group_project_21F\venv\lib\site-packages\django\template\base.py", line 938, in render
    bit = node.render_annotated(context)
  File "C:\Users\xiaoz\Desktop\year4\cmput404\404_group_project_21F\venv\lib\site-packages\django\template\base.py", line 905, in render_annotated
    return self.render(context)
  File "C:\Users\xiaoz\Desktop\year4\cmput404\404_group_project_21F\venv\lib\site-packages\django\template\defaulttags.py", line 211, in render
    nodelist.append(node.render_annotated(context))
  File "C:\Users\xiaoz\Desktop\year4\cmput404\404_group_project_21F\venv\lib\site-packages\django\template\base.py", line 905, in render_annotated
    return self.render(context)
  File "C:\Users\xiaoz\Desktop\year4\cmput404\404_group_project_21F\venv\lib\site-packages\django\template\defaulttags.py", line 312, in render
    return nodelist.render(context)
  File "C:\Users\xiaoz\Desktop\year4\cmput404\404_group_project_21F\venv\lib\site-packages\django\template\base.py", line 938, in render
    bit = node.render_annotated(context)
  File "C:\Users\xiaoz\Desktop\year4\cmput404\404_group_project_21F\venv\lib\site-packages\django\template\base.py", line 905, in render_annotated
    return self.render(context)
  File "C:\Users\xiaoz\Desktop\year4\cmput404\404_group_project_21F\venv\lib\site-packages\django\template\defaulttags.py", line 446, in render
    url = reverse(view_name, args=args, kwargs=kwargs, current_app=current_app)
  File "C:\Users\xiaoz\Desktop\year4\cmput404\404_group_project_21F\venv\lib\site-packages\django\urls\base.py", line 86, in reverse
    return resolver._reverse_with_prefix(view, prefix, *args, **kwargs)
  File "C:\Users\xiaoz\Desktop\year4\cmput404\404_group_project_21F\venv\lib\site-packages\django\urls\resolvers.py", line 694, in _reverse_with_prefix
    raise NoReverseMatch(msg)
django.urls.exceptions.NoReverseMatch: Reverse for 'profile' with arguments '('',)' not found. 1 pattern(s) tried: ['author/(?P<id>[^/]+)/$']
DEBUG:MARKDOWN:Successfully imported extension module "markdown.extensions.toc".
DEBUG:MARKDOWN:Successfully loaded extension "markdown.extensions.toc.TocExtension".
DEBUG:MARKDOWN:Successfully imported extension module "markdown.extensions.toc".
DEBUG:MARKDOWN:Successfully loaded extension "markdown.extensions.toc.TocExtension".
INFO:django.utils.autoreload:C:\Users\xiaoz\Desktop\year4\cmput404\404_group_project_21F\Author\views.py changed, reloading.
DEBUG:asyncio:Using proactor: IocpProactor
WARNING:django.request:Not Found: /myfollowerslist/}
WARNING:django.request:Not Found: /myfollowslist/}
WARNING:django.request:Not Found: /myfriendslist/}
DEBUG:urllib3.connectionpool:Starting new HTTPS connection (1): social-distribution-fall2021.herokuapp.com:443
DEBUG:urllib3.connectionpool:https://social-distribution-fall2021.herokuapp.com:443 "GET /api/authors/ HTTP/1.1" 200 1899
DEBUG:urllib3.connectionpool:Starting new HTTPS connection (1): cmput404-team13-socialapp.herokuapp.com:443
DEBUG:urllib3.connectionpool:https://cmput404-team13-socialapp.herokuapp.com:443 "GET /api/authors/ HTTP/1.1" 200 1383
WARNING:django.request:Not Found: /authors/}
DEBUG:root:[]
WARNING:django.request:Not Found: /myfollowerslist/}
DEBUG:root:[]
WARNING:django.request:Not Found: /myfollowerslist/}
DEBUG:urllib3.connectionpool:Starting new HTTP connection (1): 127.0.0.1:7890
DEBUG:urllib3.connectionpool:http://127.0.0.1:7890 "GET http://cmput404-team13-socialapp.herokuapp.com/api/author/de2f816a-bfc2-4771-95f4-b7a5ffb12d08 HTTP/1.1" 301 0
DEBUG:urllib3.connectionpool:http://127.0.0.1:7890 "GET http://cmput404-team13-socialapp.herokuapp.com/api/author/de2f816a-bfc2-4771-95f4-b7a5ffb12d08/ HTTP/1.1" 200 266
DEBUG:urllib3.connectionpool:Starting new HTTP connection (1): 127.0.0.1:7890
DEBUG:urllib3.connectionpool:http://127.0.0.1:7890 "GET http://cmput404-team13-socialapp.herokuapp.com/api/author/de2f816a-bfc2-4771-95f4-b7a5ffb12d08/posts HTTP/1.1" 301 0
DEBUG:urllib3.connectionpool:http://127.0.0.1:7890 "GET http://cmput404-team13-socialapp.herokuapp.com/api/author/de2f816a-bfc2-4771-95f4-b7a5ffb12d08/posts/ HTTP/1.1" 200 689
DEBUG:root:[]
DEBUG:urllib3.connectionpool:Starting new HTTPS connection (1): social-distribution-fall2021.herokuapp.com:443
DEBUG:urllib3.connectionpool:https://social-distribution-fall2021.herokuapp.com:443 "GET /api/authors/ HTTP/1.1" 200 1899
DEBUG:urllib3.connectionpool:Starting new HTTPS connection (1): cmput404-team13-socialapp.herokuapp.com:443
DEBUG:urllib3.connectionpool:https://cmput404-team13-socialapp.herokuapp.com:443 "GET /api/authors/ HTTP/1.1" 200 1383
WARNING:django.request:Not Found: /authors/}
DEBUG:urllib3.connectionpool:Starting new HTTPS connection (1): social-distribution-fall2021.herokuapp.com:443
DEBUG:urllib3.connectionpool:https://social-distribution-fall2021.herokuapp.com:443 "GET /api/authors/ HTTP/1.1" 200 1899
DEBUG:urllib3.connectionpool:Starting new HTTPS connection (1): cmput404-team13-socialapp.herokuapp.com:443
DEBUG:urllib3.connectionpool:https://cmput404-team13-socialapp.herokuapp.com:443 "GET /api/authors/ HTTP/1.1" 200 1383
WARNING:django.request:Not Found: /authors/}
DEBUG:urllib3.connectionpool:Starting new HTTP connection (1): 127.0.0.1:7890
DEBUG:urllib3.connectionpool:http://127.0.0.1:7890 "GET http://cmput404-team13-socialapp.herokuapp.com/api/author/de2f816a-bfc2-4771-95f4-b7a5ffb12d08 HTTP/1.1" 301 0
DEBUG:urllib3.connectionpool:http://127.0.0.1:7890 "GET http://cmput404-team13-socialapp.herokuapp.com/api/author/de2f816a-bfc2-4771-95f4-b7a5ffb12d08/ HTTP/1.1" 200 266
DEBUG:root:{'type': 'author', 'id': 'de2f816a-bfc2-4771-95f4-b7a5ffb12d08', 'displayName': 'zjq', 'url': 'http://cmput404-team13-socialapp.herokuapp.com/api/author/de2f816a-bfc2-4771-95f4-b7a5ffb12d08', 'host': 'http://cmput404-team13-socialapp.herokuapp.com', 'github': '', 'avatar': None}
DEBUG:root:{'type': 'author', 'id': 'de2f816a-bfc2-4771-95f4-b7a5ffb12d08', 'displayName': 'zjq', 'url': 'http://cmput404-team13-socialapp.herokuapp.com/api/author/de2f816a-bfc2-4771-95f4-b7a5ffb12d08', 'host': 'http://cmput404-team13-socialapp.herokuapp.com', 'github': '', 'avatar': None}
DEBUG:root:http://cmput404-team13-socialapp.herokuapp.com/api/author/de2f816a-bfc2-4771-95f4-b7a5ffb12d08/inbox
DEBUG:root:{'type': 'Follow', 'summary': 'inboxTester wants to follow zjq', 'actor': {'type': 'author', 'id': 'http://127.0.0.1:8000/api/author/c9d74237-c9cb-4f0d-89f3-aff31ea0f384/', 'uuid': 'c9d74237-c9cb-4f0d-89f3-aff31ea0f384', 'displayName': 'inboxTester', 'profileImage': '', 'email': 'inbox@inbox.ca', 'github': '', 'host': '127.0.0.1:8000', 'url': 'http://127.0.0.1:8000/api/author/c9d74237-c9cb-4f0d-89f3-aff31ea0f384/'}, 'object': {'type': 'author', 'id': 'de2f816a-bfc2-4771-95f4-b7a5ffb12d08', 'displayName': 'zjq', 'url': 'http://cmput404-team13-socialapp.herokuapp.com/api/author/de2f816a-bfc2-4771-95f4-b7a5ffb12d08', 'host': 'http://cmput404-team13-socialapp.herokuapp.com', 'github': '', 'avatar': None}, 'send_at': <built-in method now of type object at 0x00007FFB1593FF10>}
DEBUG:urllib3.connectionpool:Starting new HTTP connection (1): 127.0.0.1:7890
DEBUG:urllib3.connectionpool:http://127.0.0.1:7890 "POST http://cmput404-team13-socialapp.herokuapp.com/api/author/de2f816a-bfc2-4771-95f4-b7a5ffb12d08/inbox HTTP/1.1" 500 None
DEBUG:root:[{'type': 'author', 'id': 'de2f816a-bfc2-4771-95f4-b7a5ffb12d08', 'displayName': 'zjq', 'url': 'http://cmput404-team13-socialapp.herokuapp.com/api/author/de2f816a-bfc2-4771-95f4-b7a5ffb12d08', 'host': 'http://cmput404-team13-socialapp.herokuapp.com', 'github': '', 'avatar': None}]
WARNING:django.request:Not Found: /myfollowslist/}
DEBUG:root:[{'type': 'author', 'id': 'de2f816a-bfc2-4771-95f4-b7a5ffb12d08', 'displayName': 'zjq', 'url': 'http://cmput404-team13-socialapp.herokuapp.com/api/author/de2f816a-bfc2-4771-95f4-b7a5ffb12d08', 'host': 'http://cmput404-team13-socialapp.herokuapp.com', 'github': '', 'avatar': None}]
WARNING:django.request:Not Found: /myfollowslist/}
DEBUG:MARKDOWN:Successfully imported extension module "markdown.extensions.toc".
DEBUG:MARKDOWN:Successfully loaded extension "markdown.extensions.toc.TocExtension".
DEBUG:MARKDOWN:Successfully imported extension module "markdown.extensions.fenced_code".
DEBUG:MARKDOWN:Successfully loaded extension "markdown.extensions.fenced_code.FencedCodeExtension".
DEBUG:MARKDOWN:Successfully imported extension module "markdown.extensions.fenced_code".
DEBUG:MARKDOWN:Successfully loaded extension "markdown.extensions.fenced_code.FencedCodeExtension".
DEBUG:urllib3.connectionpool:Starting new HTTPS connection (1): social-distribution-fall2021.herokuapp.com:443
DEBUG:urllib3.connectionpool:https://social-distribution-fall2021.herokuapp.com:443 "GET /api/authors/ HTTP/1.1" 200 1899
DEBUG:urllib3.connectionpool:Starting new HTTPS connection (1): cmput404-team13-socialapp.herokuapp.com:443
DEBUG:urllib3.connectionpool:https://cmput404-team13-socialapp.herokuapp.com:443 "GET /api/authors/ HTTP/1.1" 200 1383
WARNING:django.request:Not Found: /authors/}
DEBUG:MARKDOWN:Successfully imported extension module "markdown.extensions.fenced_code".
DEBUG:MARKDOWN:Successfully loaded extension "markdown.extensions.fenced_code.FencedCodeExtension".
ERROR:django.request:Internal Server Error: /author/e5e39531-c1a2-4353-9b03-e28e3c76c9ba/followers/
Traceback (most recent call last):
  File "C:\Users\xiaoz\Desktop\year4\cmput404\404_group_project_21F\venv\lib\site-packages\django\core\handlers\exception.py", line 47, in inner
    response = get_response(request)
  File "C:\Users\xiaoz\Desktop\year4\cmput404\404_group_project_21F\venv\lib\site-packages\django\core\handlers\base.py", line 181, in _get_response
    response = wrapped_callback(request, *callback_args, **callback_kwargs)
  File "C:\Users\xiaoz\Desktop\year4\cmput404\404_group_project_21F\friends\views.py", line 82, in followers_list_view
    return render(request, 'all_friends_list.html', context=context)
  File "C:\Users\xiaoz\Desktop\year4\cmput404\404_group_project_21F\venv\lib\site-packages\django\shortcuts.py", line 19, in render
    content = loader.render_to_string(template_name, context, request, using=using)
  File "C:\Users\xiaoz\Desktop\year4\cmput404\404_group_project_21F\venv\lib\site-packages\django\template\loader.py", line 62, in render_to_string
    return template.render(context, request)
  File "C:\Users\xiaoz\Desktop\year4\cmput404\404_group_project_21F\venv\lib\site-packages\django\template\backends\django.py", line 61, in render
    return self.template.render(context)
  File "C:\Users\xiaoz\Desktop\year4\cmput404\404_group_project_21F\venv\lib\site-packages\django\template\base.py", line 170, in render
    return self._render(context)
  File "C:\Users\xiaoz\Desktop\year4\cmput404\404_group_project_21F\venv\lib\site-packages\django\template\base.py", line 162, in _render
    return self.nodelist.render(context)
  File "C:\Users\xiaoz\Desktop\year4\cmput404\404_group_project_21F\venv\lib\site-packages\django\template\base.py", line 938, in render
    bit = node.render_annotated(context)
  File "C:\Users\xiaoz\Desktop\year4\cmput404\404_group_project_21F\venv\lib\site-packages\django\template\base.py", line 905, in render_annotated
    return self.render(context)
  File "C:\Users\xiaoz\Desktop\year4\cmput404\404_group_project_21F\venv\lib\site-packages\django\template\loader_tags.py", line 150, in render
    return compiled_parent._render(context)
  File "C:\Users\xiaoz\Desktop\year4\cmput404\404_group_project_21F\venv\lib\site-packages\django\template\base.py", line 162, in _render
    return self.nodelist.render(context)
  File "C:\Users\xiaoz\Desktop\year4\cmput404\404_group_project_21F\venv\lib\site-packages\django\template\base.py", line 938, in render
    bit = node.render_annotated(context)
  File "C:\Users\xiaoz\Desktop\year4\cmput404\404_group_project_21F\venv\lib\site-packages\django\template\base.py", line 905, in render_annotated
    return self.render(context)
  File "C:\Users\xiaoz\Desktop\year4\cmput404\404_group_project_21F\venv\lib\site-packages\django\template\loader_tags.py", line 150, in render
    return compiled_parent._render(context)
  File "C:\Users\xiaoz\Desktop\year4\cmput404\404_group_project_21F\venv\lib\site-packages\django\template\base.py", line 162, in _render
    return self.nodelist.render(context)
  File "C:\Users\xiaoz\Desktop\year4\cmput404\404_group_project_21F\venv\lib\site-packages\django\template\base.py", line 938, in render
    bit = node.render_annotated(context)
  File "C:\Users\xiaoz\Desktop\year4\cmput404\404_group_project_21F\venv\lib\site-packages\django\template\base.py", line 905, in render_annotated
    return self.render(context)
  File "C:\Users\xiaoz\Desktop\year4\cmput404\404_group_project_21F\venv\lib\site-packages\django\template\loader_tags.py", line 150, in render
    return compiled_parent._render(context)
  File "C:\Users\xiaoz\Desktop\year4\cmput404\404_group_project_21F\venv\lib\site-packages\django\template\base.py", line 162, in _render
    return self.nodelist.render(context)
  File "C:\Users\xiaoz\Desktop\year4\cmput404\404_group_project_21F\venv\lib\site-packages\django\template\base.py", line 938, in render
    bit = node.render_annotated(context)
  File "C:\Users\xiaoz\Desktop\year4\cmput404\404_group_project_21F\venv\lib\site-packages\django\template\base.py", line 905, in render_annotated
    return self.render(context)
  File "C:\Users\xiaoz\Desktop\year4\cmput404\404_group_project_21F\venv\lib\site-packages\django\template\loader_tags.py", line 62, in render
    result = block.nodelist.render(context)
  File "C:\Users\xiaoz\Desktop\year4\cmput404\404_group_project_21F\venv\lib\site-packages\django\template\base.py", line 938, in render
    bit = node.render_annotated(context)
  File "C:\Users\xiaoz\Desktop\year4\cmput404\404_group_project_21F\venv\lib\site-packages\django\template\base.py", line 905, in render_annotated
    return self.render(context)
  File "C:\Users\xiaoz\Desktop\year4\cmput404\404_group_project_21F\venv\lib\site-packages\django\template\loader_tags.py", line 62, in render
    result = block.nodelist.render(context)
  File "C:\Users\xiaoz\Desktop\year4\cmput404\404_group_project_21F\venv\lib\site-packages\django\template\base.py", line 938, in render
    bit = node.render_annotated(context)
  File "C:\Users\xiaoz\Desktop\year4\cmput404\404_group_project_21F\venv\lib\site-packages\django\template\base.py", line 905, in render_annotated
    return self.render(context)
  File "C:\Users\xiaoz\Desktop\year4\cmput404\404_group_project_21F\venv\lib\site-packages\django\template\defaulttags.py", line 211, in render
    nodelist.append(node.render_annotated(context))
  File "C:\Users\xiaoz\Desktop\year4\cmput404\404_group_project_21F\venv\lib\site-packages\django\template\base.py", line 905, in render_annotated
    return self.render(context)
  File "C:\Users\xiaoz\Desktop\year4\cmput404\404_group_project_21F\venv\lib\site-packages\django\template\defaulttags.py", line 312, in render
    return nodelist.render(context)
  File "C:\Users\xiaoz\Desktop\year4\cmput404\404_group_project_21F\venv\lib\site-packages\django\template\base.py", line 938, in render
    bit = node.render_annotated(context)
  File "C:\Users\xiaoz\Desktop\year4\cmput404\404_group_project_21F\venv\lib\site-packages\django\template\base.py", line 905, in render_annotated
    return self.render(context)
  File "C:\Users\xiaoz\Desktop\year4\cmput404\404_group_project_21F\venv\lib\site-packages\django\template\defaulttags.py", line 446, in render
    url = reverse(view_name, args=args, kwargs=kwargs, current_app=current_app)
  File "C:\Users\xiaoz\Desktop\year4\cmput404\404_group_project_21F\venv\lib\site-packages\django\urls\base.py", line 86, in reverse
    return resolver._reverse_with_prefix(view, prefix, *args, **kwargs)
  File "C:\Users\xiaoz\Desktop\year4\cmput404\404_group_project_21F\venv\lib\site-packages\django\urls\resolvers.py", line 694, in _reverse_with_prefix
    raise NoReverseMatch(msg)
django.urls.exceptions.NoReverseMatch: Reverse for 'profile' with arguments '('',)' not found. 1 pattern(s) tried: ['author/(?P<id>[^/]+)/$']
WARNING:django.request:Not Found: /api/author/c9d74237-c9cb-4f0d-89f3-aff31ea0f384/posts/a700e7a8c3314c878055f30d8f0ba1da/follows/
WARNING:django.request:Not Found: /api/author/c9d74237-c9cb-4f0d-89f3-aff31ea0f384/posts/a700e7a8c3314c878055f30d8f0ba1da/follower/
WARNING:django.request:Not Found: /api/author/c9d74237-c9cb-4f0d-89f3-aff31ea0f384/posts/a700e7a8c3314c878055f30d8f0ba1da/followers/
INFO:django.utils.autoreload:C:\Users\xiaoz\Desktop\year4\cmput404\404_group_project_21F\Author\views.py changed, reloading.
DEBUG:asyncio:Using proactor: IocpProactor
